{"C:\\xampp\\htdocs\\fullstack assignment\\PUSL3120_GROUP 9\\backend\\server.js": {"path":"C:\\xampp\\htdocs\\fullstack assignment\\PUSL3120_GROUP 9\\backend\\server.js","statementMap":{"0":{"start":{"line":11,"column":0},"end":{"line":11,"column":16}},"1":{"start":{"line":25,"column":12},"end":{"line":25,"column":21}},"2":{"start":{"line":26,"column":19},"end":{"line":26,"column":41}},"3":{"start":{"line":27,"column":13},"end":{"line":27,"column":37}},"4":{"start":{"line":28,"column":19},"end":{"line":28,"column":68}},"5":{"start":{"line":29,"column":23},"end":{"line":29,"column":94}},"6":{"start":{"line":32,"column":11},"end":{"line":41,"column":2}},"7":{"start":{"line":35,"column":6},"end":{"line":35,"column":77}},"8":{"start":{"line":35,"column":49},"end":{"line":35,"column":77}},"9":{"start":{"line":36,"column":6},"end":{"line":36,"column":66}},"10":{"start":{"line":43,"column":0},"end":{"line":46,"column":3}},"11":{"start":{"line":44,"column":2},"end":{"line":44,"column":14}},"12":{"start":{"line":45,"column":2},"end":{"line":45,"column":9}},"13":{"start":{"line":48,"column":0},"end":{"line":53,"column":3}},"14":{"start":{"line":49,"column":2},"end":{"line":49,"column":48}},"15":{"start":{"line":50,"column":2},"end":{"line":52,"column":5}},"16":{"start":{"line":51,"column":4},"end":{"line":51,"column":51}},"17":{"start":{"line":55,"column":18},"end":{"line":63,"column":1}},"18":{"start":{"line":65,"column":15},"end":{"line":65,"column":17}},"19":{"start":{"line":67,"column":17},"end":{"line":71,"column":1}},"20":{"start":{"line":73,"column":17},"end":{"line":77,"column":1}},"21":{"start":{"line":79,"column":17},"end":{"line":101,"column":1}},"22":{"start":{"line":103,"column":18},"end":{"line":118,"column":1}},"23":{"start":{"line":121,"column":0},"end":{"line":121,"column":24}},"24":{"start":{"line":122,"column":0},"end":{"line":130,"column":4}},"25":{"start":{"line":124,"column":4},"end":{"line":124,"column":75}},"26":{"start":{"line":124,"column":47},"end":{"line":124,"column":75}},"27":{"start":{"line":125,"column":4},"end":{"line":125,"column":64}},"28":{"start":{"line":132,"column":0},"end":{"line":132,"column":32}},"29":{"start":{"line":133,"column":0},"end":{"line":133,"column":28}},"30":{"start":{"line":134,"column":0},"end":{"line":134,"column":34}},"31":{"start":{"line":137,"column":0},"end":{"line":144,"column":3}},"32":{"start":{"line":138,"column":2},"end":{"line":143,"column":5}},"33":{"start":{"line":146,"column":0},"end":{"line":148,"column":3}},"34":{"start":{"line":147,"column":2},"end":{"line":147,"column":47}},"35":{"start":{"line":150,"column":0},"end":{"line":176,"column":3}},"36":{"start":{"line":151,"column":39},"end":{"line":151,"column":47}},"37":{"start":{"line":153,"column":2},"end":{"line":158,"column":3}},"38":{"start":{"line":154,"column":4},"end":{"line":157,"column":7}},"39":{"start":{"line":160,"column":16},"end":{"line":167,"column":3}},"40":{"start":{"line":169,"column":2},"end":{"line":169,"column":21}},"41":{"start":{"line":171,"column":2},"end":{"line":175,"column":5}},"42":{"start":{"line":178,"column":0},"end":{"line":180,"column":3}},"43":{"start":{"line":179,"column":2},"end":{"line":179,"column":46}},"44":{"start":{"line":182,"column":0},"end":{"line":200,"column":3}},"45":{"start":{"line":183,"column":17},"end":{"line":183,"column":27}},"46":{"start":{"line":184,"column":18},"end":{"line":184,"column":59}},"47":{"start":{"line":184,"column":43},"end":{"line":184,"column":58}},"48":{"start":{"line":186,"column":2},"end":{"line":191,"column":3}},"49":{"start":{"line":187,"column":4},"end":{"line":190,"column":7}},"50":{"start":{"line":193,"column":2},"end":{"line":193,"column":54}},"51":{"start":{"line":195,"column":2},"end":{"line":199,"column":5}},"52":{"start":{"line":202,"column":0},"end":{"line":204,"column":3}},"53":{"start":{"line":203,"column":2},"end":{"line":203,"column":46}},"54":{"start":{"line":206,"column":0},"end":{"line":216,"column":3}},"55":{"start":{"line":207,"column":20},"end":{"line":207,"column":29}},"56":{"start":{"line":208,"column":22},"end":{"line":209,"column":50}},"57":{"start":{"line":208,"column":74},"end":{"line":208,"column":174}},"58":{"start":{"line":211,"column":2},"end":{"line":215,"column":5}},"59":{"start":{"line":218,"column":0},"end":{"line":244,"column":3}},"60":{"start":{"line":219,"column":22},"end":{"line":238,"column":5}},"61":{"start":{"line":219,"column":74},"end":{"line":219,"column":100}},"62":{"start":{"line":240,"column":2},"end":{"line":243,"column":5}},"63":{"start":{"line":246,"column":0},"end":{"line":272,"column":3}},"64":{"start":{"line":247,"column":45},"end":{"line":247,"column":53}},"65":{"start":{"line":249,"column":2},"end":{"line":254,"column":3}},"66":{"start":{"line":250,"column":4},"end":{"line":253,"column":7}},"67":{"start":{"line":256,"column":18},"end":{"line":263,"column":3}},"68":{"start":{"line":265,"column":2},"end":{"line":265,"column":25}},"69":{"start":{"line":267,"column":2},"end":{"line":271,"column":5}},"70":{"start":{"line":274,"column":0},"end":{"line":292,"column":3}},"71":{"start":{"line":275,"column":20},"end":{"line":275,"column":29}},"72":{"start":{"line":276,"column":16},"end":{"line":279,"column":20}},"73":{"start":{"line":277,"column":21},"end":{"line":277,"column":87}},"74":{"start":{"line":278,"column":4},"end":{"line":278,"column":58}},"75":{"start":{"line":281,"column":2},"end":{"line":283,"column":3}},"76":{"start":{"line":282,"column":4},"end":{"line":282,"column":87}},"77":{"start":{"line":285,"column":2},"end":{"line":291,"column":5}},"78":{"start":{"line":294,"column":0},"end":{"line":301,"column":3}},"79":{"start":{"line":295,"column":16},"end":{"line":295,"column":95}},"80":{"start":{"line":295,"column":42},"end":{"line":295,"column":78}},"81":{"start":{"line":297,"column":2},"end":{"line":300,"column":5}},"82":{"start":{"line":303,"column":0},"end":{"line":324,"column":3}},"83":{"start":{"line":304,"column":65},"end":{"line":304,"column":73}},"84":{"start":{"line":306,"column":2},"end":{"line":311,"column":3}},"85":{"start":{"line":307,"column":4},"end":{"line":310,"column":7}},"86":{"start":{"line":313,"column":2},"end":{"line":323,"column":5}},"87":{"start":{"line":327,"column":0},"end":{"line":327,"column":33}},"88":{"start":{"line":328,"column":0},"end":{"line":328,"column":34}},"89":{"start":{"line":329,"column":0},"end":{"line":329,"column":49}},"90":{"start":{"line":330,"column":0},"end":{"line":330,"column":36}},"91":{"start":{"line":331,"column":0},"end":{"line":331,"column":48}},"92":{"start":{"line":332,"column":0},"end":{"line":332,"column":43}},"93":{"start":{"line":335,"column":0},"end":{"line":341,"column":3}},"94":{"start":{"line":336,"column":2},"end":{"line":340,"column":5}},"95":{"start":{"line":344,"column":0},"end":{"line":352,"column":3}},"96":{"start":{"line":345,"column":2},"end":{"line":345,"column":39}},"97":{"start":{"line":347,"column":2},"end":{"line":351,"column":5}},"98":{"start":{"line":355,"column":2},"end":{"line":355,"column":26}},"99":{"start":{"line":356,"column":2},"end":{"line":360,"column":5}},"100":{"start":{"line":357,"column":4},"end":{"line":357,"column":79}},"101":{"start":{"line":358,"column":4},"end":{"line":358,"column":54}},"102":{"start":{"line":359,"column":4},"end":{"line":359,"column":76}},"103":{"start":{"line":363,"column":20},"end":{"line":363,"column":103}},"104":{"start":{"line":365,"column":0},"end":{"line":370,"column":1}},"105":{"start":{"line":366,"column":2},"end":{"line":369,"column":5}},"106":{"start":{"line":367,"column":4},"end":{"line":367,"column":60}},"107":{"start":{"line":368,"column":4},"end":{"line":368,"column":20}}},"fnMap":{"0":{"name":"(anonymous_0)","decl":{"start":{"line":34,"column":12},"end":{"line":34,"column":13}},"loc":{"start":{"line":34,"column":34},"end":{"line":37,"column":5}},"line":34},"1":{"name":"(anonymous_1)","decl":{"start":{"line":43,"column":8},"end":{"line":43,"column":9}},"loc":{"start":{"line":43,"column":28},"end":{"line":46,"column":1}},"line":43},"2":{"name":"(anonymous_2)","decl":{"start":{"line":48,"column":20},"end":{"line":48,"column":21}},"loc":{"start":{"line":48,"column":32},"end":{"line":53,"column":1}},"line":48},"3":{"name":"(anonymous_3)","decl":{"start":{"line":50,"column":26},"end":{"line":50,"column":27}},"loc":{"start":{"line":50,"column":32},"end":{"line":52,"column":3}},"line":50},"4":{"name":"(anonymous_4)","decl":{"start":{"line":123,"column":10},"end":{"line":123,"column":11}},"loc":{"start":{"line":123,"column":32},"end":{"line":126,"column":3}},"line":123},"5":{"name":"(anonymous_5)","decl":{"start":{"line":137,"column":23},"end":{"line":137,"column":24}},"loc":{"start":{"line":137,"column":37},"end":{"line":144,"column":1}},"line":137},"6":{"name":"(anonymous_6)","decl":{"start":{"line":146,"column":27},"end":{"line":146,"column":28}},"loc":{"start":{"line":146,"column":41},"end":{"line":148,"column":1}},"line":146},"7":{"name":"(anonymous_7)","decl":{"start":{"line":150,"column":24},"end":{"line":150,"column":25}},"loc":{"start":{"line":150,"column":38},"end":{"line":176,"column":1}},"line":150},"8":{"name":"(anonymous_8)","decl":{"start":{"line":178,"column":25},"end":{"line":178,"column":26}},"loc":{"start":{"line":178,"column":39},"end":{"line":180,"column":1}},"line":178},"9":{"name":"(anonymous_9)","decl":{"start":{"line":182,"column":31},"end":{"line":182,"column":32}},"loc":{"start":{"line":182,"column":45},"end":{"line":200,"column":1}},"line":182},"10":{"name":"(anonymous_10)","decl":{"start":{"line":184,"column":32},"end":{"line":184,"column":33}},"loc":{"start":{"line":184,"column":43},"end":{"line":184,"column":58}},"line":184},"11":{"name":"(anonymous_11)","decl":{"start":{"line":202,"column":25},"end":{"line":202,"column":26}},"loc":{"start":{"line":202,"column":39},"end":{"line":204,"column":1}},"line":202},"12":{"name":"(anonymous_12)","decl":{"start":{"line":206,"column":32},"end":{"line":206,"column":33}},"loc":{"start":{"line":206,"column":46},"end":{"line":216,"column":1}},"line":206},"13":{"name":"(anonymous_13)","decl":{"start":{"line":208,"column":63},"end":{"line":208,"column":64}},"loc":{"start":{"line":208,"column":74},"end":{"line":208,"column":174}},"line":208},"14":{"name":"(anonymous_14)","decl":{"start":{"line":218,"column":41},"end":{"line":218,"column":42}},"loc":{"start":{"line":218,"column":55},"end":{"line":244,"column":1}},"line":218},"15":{"name":"(anonymous_15)","decl":{"start":{"line":219,"column":63},"end":{"line":219,"column":64}},"loc":{"start":{"line":219,"column":74},"end":{"line":219,"column":100}},"line":219},"16":{"name":"(anonymous_16)","decl":{"start":{"line":246,"column":34},"end":{"line":246,"column":35}},"loc":{"start":{"line":246,"column":48},"end":{"line":272,"column":1}},"line":246},"17":{"name":"(anonymous_17)","decl":{"start":{"line":274,"column":33},"end":{"line":274,"column":34}},"loc":{"start":{"line":274,"column":47},"end":{"line":292,"column":1}},"line":274},"18":{"name":"(anonymous_18)","decl":{"start":{"line":276,"column":31},"end":{"line":276,"column":32}},"loc":{"start":{"line":276,"column":42},"end":{"line":279,"column":3}},"line":276},"19":{"name":"(anonymous_19)","decl":{"start":{"line":294,"column":41},"end":{"line":294,"column":42}},"loc":{"start":{"line":294,"column":55},"end":{"line":301,"column":1}},"line":294},"20":{"name":"(anonymous_20)","decl":{"start":{"line":295,"column":31},"end":{"line":295,"column":32}},"loc":{"start":{"line":295,"column":42},"end":{"line":295,"column":78}},"line":295},"21":{"name":"(anonymous_21)","decl":{"start":{"line":303,"column":35},"end":{"line":303,"column":36}},"loc":{"start":{"line":303,"column":49},"end":{"line":324,"column":1}},"line":303},"22":{"name":"(anonymous_22)","decl":{"start":{"line":335,"column":8},"end":{"line":335,"column":9}},"loc":{"start":{"line":335,"column":22},"end":{"line":341,"column":1}},"line":335},"23":{"name":"(anonymous_23)","decl":{"start":{"line":344,"column":8},"end":{"line":344,"column":9}},"loc":{"start":{"line":344,"column":33},"end":{"line":352,"column":1}},"line":344},"24":{"name":"startServer","decl":{"start":{"line":354,"column":22},"end":{"line":354,"column":33}},"loc":{"start":{"line":354,"column":36},"end":{"line":361,"column":1}},"line":354},"25":{"name":"(anonymous_25)","decl":{"start":{"line":356,"column":33},"end":{"line":356,"column":34}},"loc":{"start":{"line":356,"column":39},"end":{"line":360,"column":3}},"line":356},"26":{"name":"(anonymous_26)","decl":{"start":{"line":366,"column":22},"end":{"line":366,"column":23}},"loc":{"start":{"line":366,"column":31},"end":{"line":369,"column":3}},"line":366}},"branchMap":{"0":{"loc":{"start":{"line":27,"column":13},"end":{"line":27,"column":37}},"type":"binary-expr","locations":[{"start":{"line":27,"column":13},"end":{"line":27,"column":29}},{"start":{"line":27,"column":33},"end":{"line":27,"column":37}}],"line":27},"1":{"loc":{"start":{"line":28,"column":19},"end":{"line":28,"column":68}},"type":"binary-expr","locations":[{"start":{"line":28,"column":19},"end":{"line":28,"column":41}},{"start":{"line":28,"column":45},"end":{"line":28,"column":68}}],"line":28},"2":{"loc":{"start":{"line":35,"column":6},"end":{"line":35,"column":77}},"type":"if","locations":[{"start":{"line":35,"column":6},"end":{"line":35,"column":77}},{"start":{},"end":{}}],"line":35},"3":{"loc":{"start":{"line":35,"column":10},"end":{"line":35,"column":47}},"type":"binary-expr","locations":[{"start":{"line":35,"column":10},"end":{"line":35,"column":17}},{"start":{"line":35,"column":21},"end":{"line":35,"column":47}}],"line":35},"4":{"loc":{"start":{"line":124,"column":4},"end":{"line":124,"column":75}},"type":"if","locations":[{"start":{"line":124,"column":4},"end":{"line":124,"column":75}},{"start":{},"end":{}}],"line":124},"5":{"loc":{"start":{"line":124,"column":8},"end":{"line":124,"column":45}},"type":"binary-expr","locations":[{"start":{"line":124,"column":8},"end":{"line":124,"column":15}},{"start":{"line":124,"column":19},"end":{"line":124,"column":45}}],"line":124},"6":{"loc":{"start":{"line":142,"column":17},"end":{"line":142,"column":54}},"type":"binary-expr","locations":[{"start":{"line":142,"column":17},"end":{"line":142,"column":37}},{"start":{"line":142,"column":41},"end":{"line":142,"column":54}}],"line":142},"7":{"loc":{"start":{"line":153,"column":2},"end":{"line":158,"column":3}},"type":"if","locations":[{"start":{"line":153,"column":2},"end":{"line":158,"column":3}},{"start":{},"end":{}}],"line":153},"8":{"loc":{"start":{"line":153,"column":6},"end":{"line":153,"column":53}},"type":"binary-expr","locations":[{"start":{"line":153,"column":6},"end":{"line":153,"column":11}},{"start":{"line":153,"column":15},"end":{"line":153,"column":36}},{"start":{"line":153,"column":40},"end":{"line":153,"column":53}}],"line":153},"9":{"loc":{"start":{"line":163,"column":10},"end":{"line":163,"column":20}},"type":"binary-expr","locations":[{"start":{"line":163,"column":10},"end":{"line":163,"column":14}},{"start":{"line":163,"column":18},"end":{"line":163,"column":20}}],"line":163},"10":{"loc":{"start":{"line":165,"column":11},"end":{"line":165,"column":29}},"type":"binary-expr","locations":[{"start":{"line":165,"column":11},"end":{"line":165,"column":24}},{"start":{"line":165,"column":28},"end":{"line":165,"column":29}}],"line":165},"11":{"loc":{"start":{"line":186,"column":2},"end":{"line":191,"column":3}},"type":"if","locations":[{"start":{"line":186,"column":2},"end":{"line":191,"column":3}},{"start":{},"end":{}}],"line":186},"12":{"loc":{"start":{"line":193,"column":19},"end":{"line":193,"column":53}},"type":"binary-expr","locations":[{"start":{"line":193,"column":19},"end":{"line":193,"column":35}},{"start":{"line":193,"column":39},"end":{"line":193,"column":53}}],"line":193},"13":{"loc":{"start":{"line":208,"column":22},"end":{"line":209,"column":50}},"type":"binary-expr","locations":[{"start":{"line":208,"column":22},"end":{"line":208,"column":175}},{"start":{"line":209,"column":7},"end":{"line":209,"column":50}}],"line":208},"14":{"loc":{"start":{"line":208,"column":74},"end":{"line":208,"column":174}},"type":"binary-expr","locations":[{"start":{"line":208,"column":74},"end":{"line":208,"column":92}},{"start":{"line":208,"column":96},"end":{"line":208,"column":174}}],"line":208},"15":{"loc":{"start":{"line":208,"column":99},"end":{"line":208,"column":120}},"type":"binary-expr","locations":[{"start":{"line":208,"column":99},"end":{"line":208,"column":114}},{"start":{"line":208,"column":118},"end":{"line":208,"column":120}}],"line":208},"16":{"loc":{"start":{"line":208,"column":147},"end":{"line":208,"column":158}},"type":"binary-expr","locations":[{"start":{"line":208,"column":147},"end":{"line":208,"column":152}},{"start":{"line":208,"column":156},"end":{"line":208,"column":158}}],"line":208},"17":{"loc":{"start":{"line":219,"column":22},"end":{"line":238,"column":5}},"type":"binary-expr","locations":[{"start":{"line":219,"column":22},"end":{"line":219,"column":101}},{"start":{"line":220,"column":7},"end":{"line":238,"column":5}}],"line":219},"18":{"loc":{"start":{"line":249,"column":2},"end":{"line":254,"column":3}},"type":"if","locations":[{"start":{"line":249,"column":2},"end":{"line":254,"column":3}},{"start":{},"end":{}}],"line":249},"19":{"loc":{"start":{"line":249,"column":6},"end":{"line":249,"column":43}},"type":"binary-expr","locations":[{"start":{"line":249,"column":6},"end":{"line":249,"column":20}},{"start":{"line":249,"column":24},"end":{"line":249,"column":32}},{"start":{"line":249,"column":36},"end":{"line":249,"column":43}}],"line":249},"20":{"loc":{"start":{"line":276,"column":16},"end":{"line":279,"column":20}},"type":"binary-expr","locations":[{"start":{"line":276,"column":16},"end":{"line":279,"column":4}},{"start":{"line":279,"column":8},"end":{"line":279,"column":20}}],"line":276},"21":{"loc":{"start":{"line":277,"column":24},"end":{"line":277,"column":45}},"type":"binary-expr","locations":[{"start":{"line":277,"column":24},"end":{"line":277,"column":39}},{"start":{"line":277,"column":43},"end":{"line":277,"column":45}}],"line":277},"22":{"loc":{"start":{"line":277,"column":49},"end":{"line":277,"column":71}},"type":"binary-expr","locations":[{"start":{"line":277,"column":49},"end":{"line":277,"column":65}},{"start":{"line":277,"column":69},"end":{"line":277,"column":71}}],"line":277},"23":{"loc":{"start":{"line":278,"column":30},"end":{"line":278,"column":41}},"type":"binary-expr","locations":[{"start":{"line":278,"column":30},"end":{"line":278,"column":35}},{"start":{"line":278,"column":39},"end":{"line":278,"column":41}}],"line":278},"24":{"loc":{"start":{"line":281,"column":2},"end":{"line":283,"column":3}},"type":"if","locations":[{"start":{"line":281,"column":2},"end":{"line":283,"column":3}},{"start":{},"end":{}}],"line":281},"25":{"loc":{"start":{"line":295,"column":16},"end":{"line":295,"column":95}},"type":"binary-expr","locations":[{"start":{"line":295,"column":16},"end":{"line":295,"column":79}},{"start":{"line":295,"column":83},"end":{"line":295,"column":95}}],"line":295},"26":{"loc":{"start":{"line":306,"column":2},"end":{"line":311,"column":3}},"type":"if","locations":[{"start":{"line":306,"column":2},"end":{"line":311,"column":3}},{"start":{},"end":{}}],"line":306},"27":{"loc":{"start":{"line":306,"column":6},"end":{"line":306,"column":48}},"type":"binary-expr","locations":[{"start":{"line":306,"column":6},"end":{"line":306,"column":14}},{"start":{"line":306,"column":18},"end":{"line":306,"column":32}},{"start":{"line":306,"column":36},"end":{"line":306,"column":48}}],"line":306},"28":{"loc":{"start":{"line":347,"column":13},"end":{"line":347,"column":30}},"type":"binary-expr","locations":[{"start":{"line":347,"column":13},"end":{"line":347,"column":23}},{"start":{"line":347,"column":27},"end":{"line":347,"column":30}}],"line":347},"29":{"loc":{"start":{"line":349,"column":13},"end":{"line":349,"column":51}},"type":"binary-expr","locations":[{"start":{"line":349,"column":13},"end":{"line":349,"column":24}},{"start":{"line":349,"column":28},"end":{"line":349,"column":51}}],"line":349},"30":{"loc":{"start":{"line":350,"column":8},"end":{"line":350,"column":70}},"type":"binary-expr","locations":[{"start":{"line":350,"column":8},"end":{"line":350,"column":46}},{"start":{"line":350,"column":50},"end":{"line":350,"column":70}}],"line":350},"31":{"loc":{"start":{"line":359,"column":35},"end":{"line":359,"column":72}},"type":"binary-expr","locations":[{"start":{"line":359,"column":35},"end":{"line":359,"column":55}},{"start":{"line":359,"column":59},"end":{"line":359,"column":72}}],"line":359},"32":{"loc":{"start":{"line":363,"column":20},"end":{"line":363,"column":103}},"type":"binary-expr","locations":[{"start":{"line":363,"column":20},"end":{"line":363,"column":35}},{"start":{"line":363,"column":39},"end":{"line":363,"column":103}}],"line":363},"33":{"loc":{"start":{"line":365,"column":0},"end":{"line":370,"column":1}},"type":"if","locations":[{"start":{"line":365,"column":0},"end":{"line":370,"column":1}},{"start":{},"end":{}}],"line":365}},"s":{"0":5,"1":5,"2":5,"3":5,"4":5,"5":5,"6":5,"7":0,"8":0,"9":0,"10":5,"11":20,"12":20,"13":5,"14":0,"15":0,"16":0,"17":5,"18":5,"19":5,"20":5,"21":5,"22":5,"23":5,"24":5,"25":20,"26":20,"27":0,"28":5,"29":5,"30":5,"31":5,"32":1,"33":5,"34":0,"35":5,"36":0,"37":0,"38":0,"39":0,"40":0,"41":0,"42":5,"43":0,"44":5,"45":0,"46":0,"47":0,"48":0,"49":0,"50":0,"51":0,"52":5,"53":0,"54":5,"55":0,"56":0,"57":0,"58":0,"59":5,"60":0,"61":0,"62":0,"63":5,"64":0,"65":0,"66":0,"67":0,"68":0,"69":0,"70":5,"71":0,"72":0,"73":0,"74":0,"75":0,"76":0,"77":0,"78":5,"79":0,"80":0,"81":0,"82":5,"83":0,"84":0,"85":0,"86":0,"87":5,"88":5,"89":5,"90":5,"91":5,"92":5,"93":5,"94":0,"95":5,"96":0,"97":0,"98":0,"99":0,"100":0,"101":0,"102":0,"103":5,"104":5,"105":0,"106":0,"107":0},"f":{"0":0,"1":20,"2":0,"3":0,"4":20,"5":1,"6":0,"7":0,"8":0,"9":0,"10":0,"11":0,"12":0,"13":0,"14":0,"15":0,"16":0,"17":0,"18":0,"19":0,"20":0,"21":0,"22":0,"23":0,"24":0,"25":0,"26":0},"b":{"0":[5,0],"1":[5,0],"2":[0,0],"3":[0,0],"4":[20,0],"5":[20,0],"6":[1,0],"7":[0,0],"8":[0,0,0],"9":[0,0],"10":[0,0],"11":[0,0],"12":[0,0],"13":[0,0],"14":[0,0],"15":[0,0],"16":[0,0],"17":[0,0],"18":[0,0],"19":[0,0,0],"20":[0,0],"21":[0,0],"22":[0,0],"23":[0,0],"24":[0,0],"25":[0,0],"26":[0,0],"27":[0,0,0],"28":[0,0],"29":[0,0],"30":[0,0],"31":[0,0],"32":[5,5],"33":[0,5]},"inputSourceMap":null,"_coverageSchema":"1a1c01bbd47fc00a2c39e90264f33305004495a9","hash":"8ab049ad9cd9817f59d3f24169c4c40b0a9224f9"}
,"C:\\xampp\\htdocs\\fullstack assignment\\PUSL3120_GROUP 9\\backend\\config\\database.js": {"path":"C:\\xampp\\htdocs\\fullstack assignment\\PUSL3120_GROUP 9\\backend\\config\\database.js","statementMap":{"0":{"start":{"line":4,"column":14},"end":{"line":4,"column":37}},"1":{"start":{"line":5,"column":2},"end":{"line":5,"column":55}},"2":{"start":{"line":5,"column":12},"end":{"line":5,"column":55}},"3":{"start":{"line":6,"column":2},"end":{"line":6,"column":104}},"4":{"start":{"line":6,"column":45},"end":{"line":6,"column":102}},"5":{"start":{"line":7,"column":2},"end":{"line":7,"column":67}},"6":{"start":{"line":8,"column":2},"end":{"line":8,"column":66}},"7":{"start":{"line":12,"column":2},"end":{"line":12,"column":30}}},"fnMap":{"0":{"name":"connectDatabase","decl":{"start":{"line":3,"column":22},"end":{"line":3,"column":37}},"loc":{"start":{"line":3,"column":40},"end":{"line":9,"column":1}},"line":3},"1":{"name":"(anonymous_1)","decl":{"start":{"line":6,"column":34},"end":{"line":6,"column":35}},"loc":{"start":{"line":6,"column":45},"end":{"line":6,"column":102}},"line":6},"2":{"name":"disconnectDatabase","decl":{"start":{"line":11,"column":22},"end":{"line":11,"column":40}},"loc":{"start":{"line":11,"column":43},"end":{"line":13,"column":1}},"line":11}},"branchMap":{"0":{"loc":{"start":{"line":5,"column":2},"end":{"line":5,"column":55}},"type":"if","locations":[{"start":{"line":5,"column":2},"end":{"line":5,"column":55}},{"start":{},"end":{}}],"line":5}},"s":{"0":1,"1":1,"2":0,"3":1,"4":0,"5":1,"6":1,"7":1},"f":{"0":1,"1":0,"2":1},"b":{"0":[0,1]},"inputSourceMap":null,"_coverageSchema":"1a1c01bbd47fc00a2c39e90264f33305004495a9","hash":"a4219f595649d2aac33508557c0296fdca3a6b94"}
,"C:\\xampp\\htdocs\\fullstack assignment\\PUSL3120_GROUP 9\\backend\\controllers\\authController.js": {"path":"C:\\xampp\\htdocs\\fullstack assignment\\PUSL3120_GROUP 9\\backend\\controllers\\authController.js","statementMap":{"0":{"start":{"line":6,"column":19},"end":{"line":6,"column":120}},"1":{"start":{"line":6,"column":30},"end":{"line":6,"column":119}},"2":{"start":{"line":7,"column":49},"end":{"line":7,"column":800}},"3":{"start":{"line":7,"column":112},"end":{"line":7,"column":120}},"4":{"start":{"line":7,"column":122},"end":{"line":7,"column":255}},"5":{"start":{"line":7,"column":156},"end":{"line":7,"column":255}},"6":{"start":{"line":7,"column":256},"end":{"line":7,"column":380}},"7":{"start":{"line":7,"column":281},"end":{"line":7,"column":380}},"8":{"start":{"line":7,"column":381},"end":{"line":7,"column":521}},"9":{"start":{"line":7,"column":436},"end":{"line":7,"column":521}},"10":{"start":{"line":7,"column":535},"end":{"line":7,"column":618}},"11":{"start":{"line":7,"column":620},"end":{"line":7,"column":760}},"12":{"start":{"line":7,"column":779},"end":{"line":7,"column":798}},"13":{"start":{"line":8,"column":46},"end":{"line":8,"column":617}},"14":{"start":{"line":8,"column":80},"end":{"line":8,"column":88}},"15":{"start":{"line":8,"column":90},"end":{"line":8,"column":207}},"16":{"start":{"line":8,"column":115},"end":{"line":8,"column":207}},"17":{"start":{"line":8,"column":221},"end":{"line":8,"column":291}},"18":{"start":{"line":8,"column":293},"end":{"line":8,"column":460}},"19":{"start":{"line":8,"column":374},"end":{"line":8,"column":460}},"20":{"start":{"line":8,"column":461},"end":{"line":8,"column":577}},"21":{"start":{"line":8,"column":596},"end":{"line":8,"column":615}},"22":{"start":{"line":9,"column":55},"end":{"line":9,"column":294}},"23":{"start":{"line":9,"column":74},"end":{"line":9,"column":106}},"24":{"start":{"line":9,"column":108},"end":{"line":9,"column":194}},"25":{"start":{"line":9,"column":119},"end":{"line":9,"column":194}},"26":{"start":{"line":9,"column":195},"end":{"line":9,"column":254}},"27":{"start":{"line":9,"column":273},"end":{"line":9,"column":292}},"28":{"start":{"line":10,"column":54},"end":{"line":10,"column":146}},"29":{"start":{"line":10,"column":148},"end":{"line":10,"column":252}},"30":{"start":{"line":10,"column":160},"end":{"line":10,"column":252}},"31":{"start":{"line":10,"column":253},"end":{"line":10,"column":461}},"32":{"start":{"line":10,"column":259},"end":{"line":10,"column":346}},"33":{"start":{"line":10,"column":357},"end":{"line":10,"column":459}}},"fnMap":{"0":{"name":"(anonymous_0)","decl":{"start":{"line":6,"column":19},"end":{"line":6,"column":20}},"loc":{"start":{"line":6,"column":30},"end":{"line":6,"column":119}},"line":6},"1":{"name":"register","decl":{"start":{"line":7,"column":22},"end":{"line":7,"column":30}},"loc":{"start":{"line":7,"column":47},"end":{"line":7,"column":802}},"line":7},"2":{"name":"login","decl":{"start":{"line":8,"column":22},"end":{"line":8,"column":27}},"loc":{"start":{"line":8,"column":44},"end":{"line":8,"column":619}},"line":8},"3":{"name":"getCurrentUser","decl":{"start":{"line":9,"column":22},"end":{"line":9,"column":36}},"loc":{"start":{"line":9,"column":53},"end":{"line":9,"column":296}},"line":9},"4":{"name":"verifyToken","decl":{"start":{"line":10,"column":16},"end":{"line":10,"column":27}},"loc":{"start":{"line":10,"column":38},"end":{"line":10,"column":463}},"line":10}},"branchMap":{"0":{"loc":{"start":{"line":7,"column":86},"end":{"line":7,"column":107}},"type":"default-arg","locations":[{"start":{"line":7,"column":93},"end":{"line":7,"column":107}}],"line":7},"1":{"loc":{"start":{"line":7,"column":122},"end":{"line":7,"column":255}},"type":"if","locations":[{"start":{"line":7,"column":122},"end":{"line":7,"column":255}},{"start":{},"end":{}}],"line":7},"2":{"loc":{"start":{"line":7,"column":126},"end":{"line":7,"column":154}},"type":"binary-expr","locations":[{"start":{"line":7,"column":126},"end":{"line":7,"column":131}},{"start":{"line":7,"column":135},"end":{"line":7,"column":141}},{"start":{"line":7,"column":145},"end":{"line":7,"column":154}}],"line":7},"3":{"loc":{"start":{"line":7,"column":256},"end":{"line":7,"column":380}},"type":"if","locations":[{"start":{"line":7,"column":256},"end":{"line":7,"column":380}},{"start":{},"end":{}}],"line":7},"4":{"loc":{"start":{"line":7,"column":381},"end":{"line":7,"column":521}},"type":"if","locations":[{"start":{"line":7,"column":381},"end":{"line":7,"column":521}},{"start":{},"end":{}}],"line":7},"5":{"loc":{"start":{"line":8,"column":90},"end":{"line":8,"column":207}},"type":"if","locations":[{"start":{"line":8,"column":90},"end":{"line":8,"column":207}},{"start":{},"end":{}}],"line":8},"6":{"loc":{"start":{"line":8,"column":94},"end":{"line":8,"column":113}},"type":"binary-expr","locations":[{"start":{"line":8,"column":94},"end":{"line":8,"column":100}},{"start":{"line":8,"column":104},"end":{"line":8,"column":113}}],"line":8},"7":{"loc":{"start":{"line":8,"column":293},"end":{"line":8,"column":460}},"type":"if","locations":[{"start":{"line":8,"column":293},"end":{"line":8,"column":460}},{"start":{},"end":{}}],"line":8},"8":{"loc":{"start":{"line":8,"column":297},"end":{"line":8,"column":372}},"type":"binary-expr","locations":[{"start":{"line":8,"column":297},"end":{"line":8,"column":302}},{"start":{"line":8,"column":306},"end":{"line":8,"column":320}},{"start":{"line":8,"column":324},"end":{"line":8,"column":372}}],"line":8},"9":{"loc":{"start":{"line":9,"column":108},"end":{"line":9,"column":194}},"type":"if","locations":[{"start":{"line":9,"column":108},"end":{"line":9,"column":194}},{"start":{},"end":{}}],"line":9},"10":{"loc":{"start":{"line":10,"column":54},"end":{"line":10,"column":146}},"type":"cond-expr","locations":[{"start":{"line":10,"column":105},"end":{"line":10,"column":139}},{"start":{"line":10,"column":142},"end":{"line":10,"column":146}}],"line":10},"11":{"loc":{"start":{"line":10,"column":148},"end":{"line":10,"column":252}},"type":"if","locations":[{"start":{"line":10,"column":148},"end":{"line":10,"column":252}},{"start":{},"end":{}}],"line":10}},"s":{"0":5,"1":0,"2":2,"3":2,"4":2,"5":1,"6":1,"7":1,"8":0,"9":0,"10":0,"11":0,"12":0,"13":2,"14":2,"15":2,"16":1,"17":1,"18":1,"19":1,"20":0,"21":0,"22":0,"23":0,"24":0,"25":0,"26":0,"27":0,"28":2,"29":2,"30":1,"31":1,"32":1,"33":1},"f":{"0":0,"1":2,"2":2,"3":0,"4":2},"b":{"0":[2],"1":[1,1],"2":[2,1,1],"3":[1,0],"4":[0,0],"5":[1,1],"6":[2,1],"7":[1,0],"8":[1,0,0],"9":[0,0],"10":[1,1],"11":[1,1]},"inputSourceMap":null,"_coverageSchema":"1a1c01bbd47fc00a2c39e90264f33305004495a9","hash":"d92a278eee2716892ba1a6248587aaa51950198e"}
,"C:\\xampp\\htdocs\\fullstack assignment\\PUSL3120_GROUP 9\\backend\\controllers\\commerceController.js": {"path":"C:\\xampp\\htdocs\\fullstack assignment\\PUSL3120_GROUP 9\\backend\\controllers\\commerceController.js","statementMap":{"0":{"start":{"line":6,"column":53},"end":{"line":6,"column":194}},"1":{"start":{"line":6,"column":59},"end":{"line":6,"column":154}},"2":{"start":{"line":6,"column":173},"end":{"line":6,"column":192}},"3":{"start":{"line":7,"column":55},"end":{"line":7,"column":187}},"4":{"start":{"line":7,"column":61},"end":{"line":7,"column":147}},"5":{"start":{"line":7,"column":166},"end":{"line":7,"column":185}},"6":{"start":{"line":8,"column":55},"end":{"line":8,"column":342}},"7":{"start":{"line":8,"column":74},"end":{"line":8,"column":167}},"8":{"start":{"line":8,"column":169},"end":{"line":8,"column":260}},"9":{"start":{"line":8,"column":180},"end":{"line":8,"column":260}},"10":{"start":{"line":8,"column":261},"end":{"line":8,"column":302}},"11":{"start":{"line":8,"column":321},"end":{"line":8,"column":340}},"12":{"start":{"line":9,"column":55},"end":{"line":9,"column":296}},"13":{"start":{"line":9,"column":74},"end":{"line":9,"column":121}},"14":{"start":{"line":9,"column":123},"end":{"line":9,"column":214}},"15":{"start":{"line":9,"column":134},"end":{"line":9,"column":214}},"16":{"start":{"line":9,"column":215},"end":{"line":9,"column":256}},"17":{"start":{"line":9,"column":275},"end":{"line":9,"column":294}},"18":{"start":{"line":10,"column":54},"end":{"line":10,"column":234}},"19":{"start":{"line":10,"column":60},"end":{"line":10,"column":194}},"20":{"start":{"line":10,"column":213},"end":{"line":10,"column":232}},"21":{"start":{"line":11,"column":56},"end":{"line":11,"column":530}},"22":{"start":{"line":11,"column":76},"end":{"line":11,"column":191}},"23":{"start":{"line":11,"column":114},"end":{"line":11,"column":189}},"24":{"start":{"line":11,"column":213},"end":{"line":11,"column":264}},"25":{"start":{"line":11,"column":241},"end":{"line":11,"column":260}},"26":{"start":{"line":11,"column":279},"end":{"line":11,"column":397}},"27":{"start":{"line":11,"column":399},"end":{"line":11,"column":490}},"28":{"start":{"line":11,"column":509},"end":{"line":11,"column":528}},"29":{"start":{"line":12,"column":56},"end":{"line":12,"column":340}},"30":{"start":{"line":12,"column":75},"end":{"line":12,"column":169}},"31":{"start":{"line":12,"column":171},"end":{"line":12,"column":258}},"32":{"start":{"line":12,"column":182},"end":{"line":12,"column":258}},"33":{"start":{"line":12,"column":259},"end":{"line":12,"column":300}},"34":{"start":{"line":12,"column":319},"end":{"line":12,"column":338}},"35":{"start":{"line":13,"column":52},"end":{"line":13,"column":240}},"36":{"start":{"line":13,"column":71},"end":{"line":13,"column":157}},"37":{"start":{"line":13,"column":159},"end":{"line":13,"column":200}},"38":{"start":{"line":13,"column":219},"end":{"line":13,"column":238}},"39":{"start":{"line":14,"column":51},"end":{"line":14,"column":322}},"40":{"start":{"line":14,"column":70},"end":{"line":14,"column":149}},"41":{"start":{"line":14,"column":151},"end":{"line":14,"column":240}},"42":{"start":{"line":14,"column":162},"end":{"line":14,"column":240}},"43":{"start":{"line":14,"column":241},"end":{"line":14,"column":282}},"44":{"start":{"line":14,"column":301},"end":{"line":14,"column":320}},"45":{"start":{"line":15,"column":54},"end":{"line":15,"column":407}},"46":{"start":{"line":15,"column":80},"end":{"line":15,"column":224}},"47":{"start":{"line":15,"column":226},"end":{"line":15,"column":367}},"48":{"start":{"line":15,"column":386},"end":{"line":15,"column":405}},"49":{"start":{"line":16,"column":52},"end":{"line":16,"column":225}},"50":{"start":{"line":16,"column":58},"end":{"line":16,"column":185}},"51":{"start":{"line":16,"column":204},"end":{"line":16,"column":223}},"52":{"start":{"line":17,"column":51},"end":{"line":17,"column":280}},"53":{"start":{"line":17,"column":70},"end":{"line":17,"column":107}},"54":{"start":{"line":17,"column":109},"end":{"line":17,"column":198}},"55":{"start":{"line":17,"column":120},"end":{"line":17,"column":198}},"56":{"start":{"line":17,"column":199},"end":{"line":17,"column":240}},"57":{"start":{"line":17,"column":259},"end":{"line":17,"column":278}},"58":{"start":{"line":18,"column":54},"end":{"line":18,"column":372}},"59":{"start":{"line":18,"column":73},"end":{"line":18,"column":173}},"60":{"start":{"line":18,"column":175},"end":{"line":18,"column":278}},"61":{"start":{"line":18,"column":193},"end":{"line":18,"column":278}},"62":{"start":{"line":18,"column":279},"end":{"line":18,"column":332}},"63":{"start":{"line":18,"column":351},"end":{"line":18,"column":370}},"64":{"start":{"line":19,"column":54},"end":{"line":19,"column":527}},"65":{"start":{"line":19,"column":77},"end":{"line":19,"column":176}},"66":{"start":{"line":19,"column":193},"end":{"line":19,"column":251}},"67":{"start":{"line":19,"column":266},"end":{"line":19,"column":354}},"68":{"start":{"line":19,"column":356},"end":{"line":19,"column":445}},"69":{"start":{"line":19,"column":367},"end":{"line":19,"column":445}},"70":{"start":{"line":19,"column":446},"end":{"line":19,"column":487}},"71":{"start":{"line":19,"column":506},"end":{"line":19,"column":525}}},"fnMap":{"0":{"name":"getFoodItems","decl":{"start":{"line":6,"column":22},"end":{"line":6,"column":34}},"loc":{"start":{"line":6,"column":51},"end":{"line":6,"column":196}},"line":6},"1":{"name":"createFoodItem","decl":{"start":{"line":7,"column":22},"end":{"line":7,"column":36}},"loc":{"start":{"line":7,"column":53},"end":{"line":7,"column":189}},"line":7},"2":{"name":"updateFoodItem","decl":{"start":{"line":8,"column":22},"end":{"line":8,"column":36}},"loc":{"start":{"line":8,"column":53},"end":{"line":8,"column":344}},"line":8},"3":{"name":"deleteFoodItem","decl":{"start":{"line":9,"column":22},"end":{"line":9,"column":36}},"loc":{"start":{"line":9,"column":53},"end":{"line":9,"column":298}},"line":9},"4":{"name":"getFoodOrders","decl":{"start":{"line":10,"column":22},"end":{"line":10,"column":35}},"loc":{"start":{"line":10,"column":52},"end":{"line":10,"column":236}},"line":10},"5":{"name":"createFoodOrder","decl":{"start":{"line":11,"column":22},"end":{"line":11,"column":37}},"loc":{"start":{"line":11,"column":54},"end":{"line":11,"column":532}},"line":11},"6":{"name":"(anonymous_6)","decl":{"start":{"line":11,"column":103},"end":{"line":11,"column":104}},"loc":{"start":{"line":11,"column":114},"end":{"line":11,"column":189}},"line":11},"7":{"name":"(anonymous_7)","decl":{"start":{"line":11,"column":226},"end":{"line":11,"column":227}},"loc":{"start":{"line":11,"column":241},"end":{"line":11,"column":260}},"line":11},"8":{"name":"updateFoodOrder","decl":{"start":{"line":12,"column":22},"end":{"line":12,"column":37}},"loc":{"start":{"line":12,"column":54},"end":{"line":12,"column":342}},"line":12},"9":{"name":"getInvoices","decl":{"start":{"line":13,"column":22},"end":{"line":13,"column":33}},"loc":{"start":{"line":13,"column":50},"end":{"line":13,"column":242}},"line":13},"10":{"name":"getInvoice","decl":{"start":{"line":14,"column":22},"end":{"line":14,"column":32}},"loc":{"start":{"line":14,"column":49},"end":{"line":14,"column":324}},"line":14},"11":{"name":"createInvoice","decl":{"start":{"line":15,"column":22},"end":{"line":15,"column":35}},"loc":{"start":{"line":15,"column":52},"end":{"line":15,"column":409}},"line":15},"12":{"name":"getPayments","decl":{"start":{"line":16,"column":22},"end":{"line":16,"column":33}},"loc":{"start":{"line":16,"column":50},"end":{"line":16,"column":227}},"line":16},"13":{"name":"getPayment","decl":{"start":{"line":17,"column":22},"end":{"line":17,"column":32}},"loc":{"start":{"line":17,"column":49},"end":{"line":17,"column":282}},"line":17},"14":{"name":"createPayment","decl":{"start":{"line":18,"column":22},"end":{"line":18,"column":35}},"loc":{"start":{"line":18,"column":52},"end":{"line":18,"column":374}},"line":18},"15":{"name":"updatePayment","decl":{"start":{"line":19,"column":22},"end":{"line":19,"column":35}},"loc":{"start":{"line":19,"column":52},"end":{"line":19,"column":529}},"line":19}},"branchMap":{"0":{"loc":{"start":{"line":8,"column":169},"end":{"line":8,"column":260}},"type":"if","locations":[{"start":{"line":8,"column":169},"end":{"line":8,"column":260}},{"start":{},"end":{}}],"line":8},"1":{"loc":{"start":{"line":9,"column":123},"end":{"line":9,"column":214}},"type":"if","locations":[{"start":{"line":9,"column":123},"end":{"line":9,"column":214}},{"start":{},"end":{}}],"line":9},"2":{"loc":{"start":{"line":11,"column":77},"end":{"line":11,"column":97}},"type":"binary-expr","locations":[{"start":{"line":11,"column":77},"end":{"line":11,"column":91}},{"start":{"line":11,"column":95},"end":{"line":11,"column":97}}],"line":11},"3":{"loc":{"start":{"line":11,"column":142},"end":{"line":11,"column":157}},"type":"binary-expr","locations":[{"start":{"line":11,"column":142},"end":{"line":11,"column":152}},{"start":{"line":11,"column":156},"end":{"line":11,"column":157}}],"line":11},"4":{"loc":{"start":{"line":11,"column":168},"end":{"line":11,"column":186}},"type":"binary-expr","locations":[{"start":{"line":11,"column":168},"end":{"line":11,"column":181}},{"start":{"line":11,"column":185},"end":{"line":11,"column":186}}],"line":11},"5":{"loc":{"start":{"line":12,"column":171},"end":{"line":12,"column":258}},"type":"if","locations":[{"start":{"line":12,"column":171},"end":{"line":12,"column":258}},{"start":{},"end":{}}],"line":12},"6":{"loc":{"start":{"line":14,"column":151},"end":{"line":14,"column":240}},"type":"if","locations":[{"start":{"line":14,"column":151},"end":{"line":14,"column":240}},{"start":{},"end":{}}],"line":14},"7":{"loc":{"start":{"line":15,"column":87},"end":{"line":15,"column":112}},"type":"binary-expr","locations":[{"start":{"line":15,"column":87},"end":{"line":15,"column":107}},{"start":{"line":15,"column":111},"end":{"line":15,"column":112}}],"line":15},"8":{"loc":{"start":{"line":15,"column":123},"end":{"line":15,"column":148}},"type":"binary-expr","locations":[{"start":{"line":15,"column":123},"end":{"line":15,"column":143}},{"start":{"line":15,"column":147},"end":{"line":15,"column":148}}],"line":15},"9":{"loc":{"start":{"line":15,"column":159},"end":{"line":15,"column":190}},"type":"binary-expr","locations":[{"start":{"line":15,"column":159},"end":{"line":15,"column":185}},{"start":{"line":15,"column":189},"end":{"line":15,"column":190}}],"line":15},"10":{"loc":{"start":{"line":15,"column":201},"end":{"line":15,"column":223}},"type":"binary-expr","locations":[{"start":{"line":15,"column":201},"end":{"line":15,"column":218}},{"start":{"line":15,"column":222},"end":{"line":15,"column":223}}],"line":15},"11":{"loc":{"start":{"line":17,"column":109},"end":{"line":17,"column":198}},"type":"if","locations":[{"start":{"line":17,"column":109},"end":{"line":17,"column":198}},{"start":{},"end":{}}],"line":17},"12":{"loc":{"start":{"line":18,"column":175},"end":{"line":18,"column":278}},"type":"if","locations":[{"start":{"line":18,"column":175},"end":{"line":18,"column":278}},{"start":{},"end":{}}],"line":18},"13":{"loc":{"start":{"line":19,"column":77},"end":{"line":19,"column":176}},"type":"cond-expr","locations":[{"start":{"line":19,"column":119},"end":{"line":19,"column":141}},{"start":{"line":19,"column":144},"end":{"line":19,"column":176}}],"line":19},"14":{"loc":{"start":{"line":19,"column":193},"end":{"line":19,"column":251}},"type":"cond-expr","locations":[{"start":{"line":19,"column":222},"end":{"line":19,"column":233}},{"start":{"line":19,"column":236},"end":{"line":19,"column":251}}],"line":19},"15":{"loc":{"start":{"line":19,"column":356},"end":{"line":19,"column":445}},"type":"if","locations":[{"start":{"line":19,"column":356},"end":{"line":19,"column":445}},{"start":{},"end":{}}],"line":19}},"s":{"0":0,"1":0,"2":0,"3":0,"4":0,"5":0,"6":0,"7":0,"8":0,"9":0,"10":0,"11":0,"12":0,"13":0,"14":0,"15":0,"16":0,"17":0,"18":0,"19":0,"20":0,"21":0,"22":0,"23":0,"24":0,"25":0,"26":0,"27":0,"28":0,"29":0,"30":0,"31":0,"32":0,"33":0,"34":0,"35":0,"36":0,"37":0,"38":0,"39":0,"40":0,"41":0,"42":0,"43":0,"44":0,"45":0,"46":0,"47":0,"48":0,"49":0,"50":0,"51":0,"52":0,"53":0,"54":0,"55":0,"56":0,"57":0,"58":0,"59":0,"60":0,"61":0,"62":0,"63":0,"64":0,"65":0,"66":0,"67":0,"68":0,"69":0,"70":0,"71":0},"f":{"0":0,"1":0,"2":0,"3":0,"4":0,"5":0,"6":0,"7":0,"8":0,"9":0,"10":0,"11":0,"12":0,"13":0,"14":0,"15":0},"b":{"0":[0,0],"1":[0,0],"2":[0,0],"3":[0,0],"4":[0,0],"5":[0,0],"6":[0,0],"7":[0,0],"8":[0,0],"9":[0,0],"10":[0,0],"11":[0,0],"12":[0,0],"13":[0,0],"14":[0,0],"15":[0,0]},"inputSourceMap":null,"_coverageSchema":"1a1c01bbd47fc00a2c39e90264f33305004495a9","hash":"bf5ecb9b334f738a98f2bc610a720f056a1a839e"}
,"C:\\xampp\\htdocs\\fullstack assignment\\PUSL3120_GROUP 9\\backend\\controllers\\dashboardController.js": {"path":"C:\\xampp\\htdocs\\fullstack assignment\\PUSL3120_GROUP 9\\backend\\controllers\\dashboardController.js","statementMap":{"0":{"start":{"line":5,"column":19},"end":{"line":11,"column":1}},"1":{"start":{"line":6,"column":16},"end":{"line":6,"column":26}},"2":{"start":{"line":7,"column":2},"end":{"line":7,"column":29}},"3":{"start":{"line":8,"column":14},"end":{"line":8,"column":29}},"4":{"start":{"line":9,"column":2},"end":{"line":9,"column":33}},"5":{"start":{"line":10,"column":2},"end":{"line":10,"column":35}},"6":{"start":{"line":14,"column":2},"end":{"line":43,"column":41}},"7":{"start":{"line":15,"column":18},"end":{"line":15,"column":30}},"8":{"start":{"line":16,"column":132},"end":{"line":24,"column":6}},"9":{"start":{"line":25,"column":19},"end":{"line":25,"column":82}},"10":{"start":{"line":25,"column":58},"end":{"line":25,"column":80}},"11":{"start":{"line":26,"column":23},"end":{"line":26,"column":71}},"12":{"start":{"line":26,"column":51},"end":{"line":26,"column":67}},"13":{"start":{"line":27,"column":27},"end":{"line":34,"column":6}},"14":{"start":{"line":27,"column":45},"end":{"line":34,"column":5}},"15":{"start":{"line":35,"column":4},"end":{"line":42,"column":9}},"16":{"start":{"line":43,"column":20},"end":{"line":43,"column":39}},"17":{"start":{"line":47,"column":2},"end":{"line":48,"column":39}},"18":{"start":{"line":47,"column":21},"end":{"line":47,"column":166}},"19":{"start":{"line":47,"column":168},"end":{"line":47,"column":334}},"20":{"start":{"line":47,"column":227},"end":{"line":47,"column":328}},"21":{"start":{"line":48,"column":18},"end":{"line":48,"column":37}},"22":{"start":{"line":52,"column":2},"end":{"line":53,"column":39}},"23":{"start":{"line":52,"column":21},"end":{"line":52,"column":238}},"24":{"start":{"line":52,"column":240},"end":{"line":52,"column":346}},"25":{"start":{"line":52,"column":299},"end":{"line":52,"column":340}},"26":{"start":{"line":53,"column":18},"end":{"line":53,"column":37}}},"fnMap":{"0":{"name":"(anonymous_0)","decl":{"start":{"line":5,"column":19},"end":{"line":5,"column":20}},"loc":{"start":{"line":5,"column":25},"end":{"line":11,"column":1}},"line":5},"1":{"name":"getDashboardSummary","decl":{"start":{"line":13,"column":22},"end":{"line":13,"column":41}},"loc":{"start":{"line":13,"column":58},"end":{"line":44,"column":1}},"line":13},"2":{"name":"(anonymous_2)","decl":{"start":{"line":25,"column":48},"end":{"line":25,"column":49}},"loc":{"start":{"line":25,"column":58},"end":{"line":25,"column":80}},"line":25},"3":{"name":"(anonymous_3)","decl":{"start":{"line":26,"column":36},"end":{"line":26,"column":37}},"loc":{"start":{"line":26,"column":51},"end":{"line":26,"column":67}},"line":26},"4":{"name":"(anonymous_4)","decl":{"start":{"line":27,"column":27},"end":{"line":27,"column":28}},"loc":{"start":{"line":27,"column":45},"end":{"line":34,"column":5}},"line":27},"5":{"name":"getOccupancyData","decl":{"start":{"line":46,"column":22},"end":{"line":46,"column":38}},"loc":{"start":{"line":46,"column":55},"end":{"line":49,"column":1}},"line":46},"6":{"name":"(anonymous_6)","decl":{"start":{"line":47,"column":216},"end":{"line":47,"column":217}},"loc":{"start":{"line":47,"column":227},"end":{"line":47,"column":328}},"line":47},"7":{"name":"getRevenueData","decl":{"start":{"line":51,"column":22},"end":{"line":51,"column":36}},"loc":{"start":{"line":51,"column":53},"end":{"line":54,"column":1}},"line":51},"8":{"name":"(anonymous_8)","decl":{"start":{"line":52,"column":288},"end":{"line":52,"column":289}},"loc":{"start":{"line":52,"column":299},"end":{"line":52,"column":340}},"line":52}},"branchMap":{"0":{"loc":{"start":{"line":28,"column":10},"end":{"line":28,"column":58}},"type":"binary-expr","locations":[{"start":{"line":28,"column":10},"end":{"line":28,"column":39}},{"start":{"line":28,"column":43},"end":{"line":28,"column":58}}],"line":28},"1":{"loc":{"start":{"line":29,"column":13},"end":{"line":29,"column":146}},"type":"binary-expr","locations":[{"start":{"line":29,"column":13},"end":{"line":29,"column":40}},{"start":{"line":29,"column":44},"end":{"line":29,"column":127}},{"start":{"line":29,"column":131},"end":{"line":29,"column":146}}],"line":29},"2":{"loc":{"start":{"line":29,"column":47},"end":{"line":29,"column":81}},"type":"binary-expr","locations":[{"start":{"line":29,"column":47},"end":{"line":29,"column":75}},{"start":{"line":29,"column":79},"end":{"line":29,"column":81}}],"line":29},"3":{"loc":{"start":{"line":29,"column":85},"end":{"line":29,"column":118}},"type":"binary-expr","locations":[{"start":{"line":29,"column":85},"end":{"line":29,"column":112}},{"start":{"line":29,"column":116},"end":{"line":29,"column":118}}],"line":29},"4":{"loc":{"start":{"line":30,"column":12},"end":{"line":30,"column":49}},"type":"binary-expr","locations":[{"start":{"line":30,"column":12},"end":{"line":30,"column":40}},{"start":{"line":30,"column":44},"end":{"line":30,"column":49}}],"line":30},"5":{"loc":{"start":{"line":31,"column":15},"end":{"line":31,"column":72}},"type":"binary-expr","locations":[{"start":{"line":31,"column":15},"end":{"line":31,"column":66}},{"start":{"line":31,"column":70},"end":{"line":31,"column":72}}],"line":31},"6":{"loc":{"start":{"line":32,"column":16},"end":{"line":32,"column":74}},"type":"binary-expr","locations":[{"start":{"line":32,"column":16},"end":{"line":32,"column":68}},{"start":{"line":32,"column":72},"end":{"line":32,"column":74}}],"line":32},"7":{"loc":{"start":{"line":33,"column":14},"end":{"line":33,"column":45}},"type":"binary-expr","locations":[{"start":{"line":33,"column":14},"end":{"line":33,"column":32}},{"start":{"line":33,"column":36},"end":{"line":33,"column":45}}],"line":33},"8":{"loc":{"start":{"line":36,"column":45},"end":{"line":36,"column":66}},"type":"binary-expr","locations":[{"start":{"line":36,"column":45},"end":{"line":36,"column":61}},{"start":{"line":36,"column":65},"end":{"line":36,"column":66}}],"line":36},"9":{"loc":{"start":{"line":36,"column":78},"end":{"line":36,"column":98}},"type":"binary-expr","locations":[{"start":{"line":36,"column":78},"end":{"line":36,"column":93}},{"start":{"line":36,"column":97},"end":{"line":36,"column":98}}],"line":36},"10":{"loc":{"start":{"line":36,"column":110},"end":{"line":36,"column":130}},"type":"binary-expr","locations":[{"start":{"line":36,"column":110},"end":{"line":36,"column":125}},{"start":{"line":36,"column":129},"end":{"line":36,"column":130}}],"line":36},"11":{"loc":{"start":{"line":36,"column":145},"end":{"line":36,"column":168}},"type":"binary-expr","locations":[{"start":{"line":36,"column":145},"end":{"line":36,"column":163}},{"start":{"line":36,"column":167},"end":{"line":36,"column":168}}],"line":36},"12":{"loc":{"start":{"line":36,"column":188},"end":{"line":36,"column":264}},"type":"cond-expr","locations":[{"start":{"line":36,"column":201},"end":{"line":36,"column":255}},{"start":{"line":36,"column":258},"end":{"line":36,"column":264}}],"line":36},"13":{"loc":{"start":{"line":36,"column":203},"end":{"line":36,"column":223}},"type":"binary-expr","locations":[{"start":{"line":36,"column":203},"end":{"line":36,"column":218}},{"start":{"line":36,"column":222},"end":{"line":36,"column":223}}],"line":36},"14":{"loc":{"start":{"line":38,"column":34},"end":{"line":38,"column":56}},"type":"binary-expr","locations":[{"start":{"line":38,"column":34},"end":{"line":38,"column":51}},{"start":{"line":38,"column":55},"end":{"line":38,"column":56}}],"line":38}},"s":{"0":5,"1":0,"2":0,"3":0,"4":0,"5":0,"6":0,"7":0,"8":0,"9":0,"10":0,"11":0,"12":0,"13":0,"14":0,"15":0,"16":0,"17":0,"18":0,"19":0,"20":0,"21":0,"22":0,"23":0,"24":0,"25":0,"26":0},"f":{"0":0,"1":0,"2":0,"3":0,"4":0,"5":0,"6":0,"7":0,"8":0},"b":{"0":[0,0],"1":[0,0,0],"2":[0,0],"3":[0,0],"4":[0,0],"5":[0,0],"6":[0,0],"7":[0,0],"8":[0,0],"9":[0,0],"10":[0,0],"11":[0,0],"12":[0,0],"13":[0,0],"14":[0,0]},"inputSourceMap":null,"_coverageSchema":"1a1c01bbd47fc00a2c39e90264f33305004495a9","hash":"11bac9944adabfc08ff69d0e4e2b869d8ad0591d"}
,"C:\\xampp\\htdocs\\fullstack assignment\\PUSL3120_GROUP 9\\backend\\controllers\\guestController.js": {"path":"C:\\xampp\\htdocs\\fullstack assignment\\PUSL3120_GROUP 9\\backend\\controllers\\guestController.js","statementMap":{"0":{"start":{"line":3,"column":13},"end":{"line":3,"column":79}},"1":{"start":{"line":3,"column":21},"end":{"line":3,"column":79}},"2":{"start":{"line":4,"column":53},"end":{"line":4,"column":442}},"3":{"start":{"line":4,"column":78},"end":{"line":4,"column":87}},"4":{"start":{"line":4,"column":103},"end":{"line":4,"column":277}},"5":{"start":{"line":4,"column":292},"end":{"line":4,"column":339}},"6":{"start":{"line":4,"column":341},"end":{"line":4,"column":402}},"7":{"start":{"line":4,"column":421},"end":{"line":4,"column":440}},"8":{"start":{"line":5,"column":53},"end":{"line":5,"column":283}},"9":{"start":{"line":5,"column":72},"end":{"line":5,"column":112}},"10":{"start":{"line":5,"column":114},"end":{"line":5,"column":201}},"11":{"start":{"line":5,"column":125},"end":{"line":5,"column":201}},"12":{"start":{"line":5,"column":202},"end":{"line":5,"column":243}},"13":{"start":{"line":5,"column":262},"end":{"line":5,"column":281}},"14":{"start":{"line":6,"column":52},"end":{"line":6,"column":555}},"15":{"start":{"line":6,"column":104},"end":{"line":6,"column":112}},"16":{"start":{"line":6,"column":114},"end":{"line":6,"column":276}},"17":{"start":{"line":6,"column":163},"end":{"line":6,"column":276}},"18":{"start":{"line":6,"column":290},"end":{"line":6,"column":421}},"19":{"start":{"line":6,"column":423},"end":{"line":6,"column":515}},"20":{"start":{"line":6,"column":534},"end":{"line":6,"column":553}},"21":{"start":{"line":7,"column":56},"end":{"line":7,"column":380}},"22":{"start":{"line":7,"column":75},"end":{"line":7,"column":170}},"23":{"start":{"line":7,"column":172},"end":{"line":7,"column":259}},"24":{"start":{"line":7,"column":183},"end":{"line":7,"column":259}},"25":{"start":{"line":7,"column":260},"end":{"line":7,"column":340}},"26":{"start":{"line":7,"column":359},"end":{"line":7,"column":378}},"27":{"start":{"line":8,"column":56},"end":{"line":8,"column":334}},"28":{"start":{"line":8,"column":75},"end":{"line":8,"column":124}},"29":{"start":{"line":8,"column":126},"end":{"line":8,"column":213}},"30":{"start":{"line":8,"column":137},"end":{"line":8,"column":213}},"31":{"start":{"line":8,"column":214},"end":{"line":8,"column":294}},"32":{"start":{"line":8,"column":313},"end":{"line":8,"column":332}},"33":{"start":{"line":9,"column":54},"end":{"line":9,"column":341}},"34":{"start":{"line":9,"column":96},"end":{"line":9,"column":183}},"35":{"start":{"line":9,"column":185},"end":{"line":9,"column":301}},"36":{"start":{"line":9,"column":320},"end":{"line":9,"column":339}}},"fnMap":{"0":{"name":"(anonymous_0)","decl":{"start":{"line":3,"column":13},"end":{"line":3,"column":14}},"loc":{"start":{"line":3,"column":21},"end":{"line":3,"column":79}},"line":3},"1":{"name":"getAllGuests","decl":{"start":{"line":4,"column":22},"end":{"line":4,"column":34}},"loc":{"start":{"line":4,"column":51},"end":{"line":4,"column":444}},"line":4},"2":{"name":"getGuestById","decl":{"start":{"line":5,"column":22},"end":{"line":5,"column":34}},"loc":{"start":{"line":5,"column":51},"end":{"line":5,"column":285}},"line":5},"3":{"name":"createGuest","decl":{"start":{"line":6,"column":22},"end":{"line":6,"column":33}},"loc":{"start":{"line":6,"column":50},"end":{"line":6,"column":557}},"line":6},"4":{"name":"updateGuestData","decl":{"start":{"line":7,"column":22},"end":{"line":7,"column":37}},"loc":{"start":{"line":7,"column":54},"end":{"line":7,"column":382}},"line":7},"5":{"name":"deleteGuestData","decl":{"start":{"line":8,"column":22},"end":{"line":8,"column":37}},"loc":{"start":{"line":8,"column":54},"end":{"line":8,"column":336}},"line":8},"6":{"name":"getGuestStats","decl":{"start":{"line":9,"column":22},"end":{"line":9,"column":35}},"loc":{"start":{"line":9,"column":52},"end":{"line":9,"column":343}},"line":9}},"branchMap":{"0":{"loc":{"start":{"line":3,"column":21},"end":{"line":3,"column":79}},"type":"cond-expr","locations":[{"start":{"line":3,"column":52},"end":{"line":3,"column":63}},{"start":{"line":3,"column":66},"end":{"line":3,"column":79}}],"line":3},"1":{"loc":{"start":{"line":4,"column":103},"end":{"line":4,"column":277}},"type":"cond-expr","locations":[{"start":{"line":4,"column":112},"end":{"line":4,"column":272}},{"start":{"line":4,"column":275},"end":{"line":4,"column":277}}],"line":4},"2":{"loc":{"start":{"line":5,"column":114},"end":{"line":5,"column":201}},"type":"if","locations":[{"start":{"line":5,"column":114},"end":{"line":5,"column":201}},{"start":{},"end":{}}],"line":5},"3":{"loc":{"start":{"line":6,"column":114},"end":{"line":6,"column":276}},"type":"if","locations":[{"start":{"line":6,"column":114},"end":{"line":6,"column":276}},{"start":{},"end":{}}],"line":6},"4":{"loc":{"start":{"line":6,"column":118},"end":{"line":6,"column":161}},"type":"binary-expr","locations":[{"start":{"line":6,"column":118},"end":{"line":6,"column":128}},{"start":{"line":6,"column":132},"end":{"line":6,"column":141}},{"start":{"line":6,"column":145},"end":{"line":6,"column":151}},{"start":{"line":6,"column":155},"end":{"line":6,"column":161}}],"line":6},"5":{"loc":{"start":{"line":6,"column":365},"end":{"line":6,"column":418}},"type":"binary-expr","locations":[{"start":{"line":6,"column":365},"end":{"line":6,"column":385}},{"start":{"line":6,"column":389},"end":{"line":6,"column":418}}],"line":6},"6":{"loc":{"start":{"line":7,"column":172},"end":{"line":7,"column":259}},"type":"if","locations":[{"start":{"line":7,"column":172},"end":{"line":7,"column":259}},{"start":{},"end":{}}],"line":7},"7":{"loc":{"start":{"line":8,"column":126},"end":{"line":8,"column":213}},"type":"if","locations":[{"start":{"line":8,"column":126},"end":{"line":8,"column":213}},{"start":{},"end":{}}],"line":8}},"s":{"0":5,"1":0,"2":0,"3":0,"4":0,"5":0,"6":0,"7":0,"8":0,"9":0,"10":0,"11":0,"12":0,"13":0,"14":0,"15":0,"16":0,"17":0,"18":0,"19":0,"20":0,"21":0,"22":0,"23":0,"24":0,"25":0,"26":0,"27":0,"28":0,"29":0,"30":0,"31":0,"32":0,"33":0,"34":0,"35":0,"36":0},"f":{"0":0,"1":0,"2":0,"3":0,"4":0,"5":0,"6":0},"b":{"0":[0,0],"1":[0,0],"2":[0,0],"3":[0,0],"4":[0,0,0,0],"5":[0,0],"6":[0,0],"7":[0,0]},"inputSourceMap":null,"_coverageSchema":"1a1c01bbd47fc00a2c39e90264f33305004495a9","hash":"7f09877397c928314ef9575bdaef82cc2bf42764"}
,"C:\\xampp\\htdocs\\fullstack assignment\\PUSL3120_GROUP 9\\backend\\controllers\\housekeepingController.js": {"path":"C:\\xampp\\htdocs\\fullstack assignment\\PUSL3120_GROUP 9\\backend\\controllers\\housekeepingController.js","statementMap":{"0":{"start":{"line":12,"column":2},"end":{"line":31,"column":34}},"1":{"start":{"line":13,"column":59},"end":{"line":13,"column":68}},"2":{"start":{"line":14,"column":18},"end":{"line":14,"column":20}},"3":{"start":{"line":16,"column":4},"end":{"line":23,"column":5}},"4":{"start":{"line":17,"column":6},"end":{"line":22,"column":8}},"5":{"start":{"line":24,"column":4},"end":{"line":24,"column":78}},"6":{"start":{"line":24,"column":34},"end":{"line":24,"column":78}},"7":{"start":{"line":25,"column":4},"end":{"line":25,"column":99}},"8":{"start":{"line":25,"column":34},"end":{"line":25,"column":99}},"9":{"start":{"line":26,"column":4},"end":{"line":26,"column":90}},"10":{"start":{"line":26,"column":40},"end":{"line":26,"column":90}},"11":{"start":{"line":27,"column":4},"end":{"line":27,"column":98}},"12":{"start":{"line":27,"column":44},"end":{"line":27,"column":98}},"13":{"start":{"line":29,"column":17},"end":{"line":29,"column":75}},"14":{"start":{"line":30,"column":4},"end":{"line":30,"column":107}},"15":{"start":{"line":30,"column":71},"end":{"line":30,"column":101}},"16":{"start":{"line":31,"column":20},"end":{"line":31,"column":32}},"17":{"start":{"line":35,"column":2},"end":{"line":39,"column":34}},"18":{"start":{"line":36,"column":17},"end":{"line":36,"column":63}},"19":{"start":{"line":37,"column":4},"end":{"line":37,"column":103}},"20":{"start":{"line":37,"column":15},"end":{"line":37,"column":103}},"21":{"start":{"line":38,"column":4},"end":{"line":38,"column":76}},"22":{"start":{"line":39,"column":20},"end":{"line":39,"column":32}},"23":{"start":{"line":43,"column":2},"end":{"line":74,"column":34}},"24":{"start":{"line":44,"column":110},"end":{"line":44,"column":118}},"25":{"start":{"line":45,"column":4},"end":{"line":45,"column":105}},"26":{"start":{"line":45,"column":21},"end":{"line":45,"column":105}},"27":{"start":{"line":47,"column":23},"end":{"line":47,"column":57}},"28":{"start":{"line":48,"column":25},"end":{"line":48,"column":80}},"29":{"start":{"line":49,"column":26},"end":{"line":49,"column":130}},"30":{"start":{"line":51,"column":29},"end":{"line":59,"column":5}},"31":{"start":{"line":61,"column":17},"end":{"line":67,"column":6}},"32":{"start":{"line":69,"column":4},"end":{"line":71,"column":5}},"33":{"start":{"line":70,"column":6},"end":{"line":70,"column":107}},"34":{"start":{"line":73,"column":4},"end":{"line":73,"column":150}},"35":{"start":{"line":74,"column":20},"end":{"line":74,"column":32}},"36":{"start":{"line":78,"column":2},"end":{"line":82,"column":34}},"37":{"start":{"line":79,"column":17},"end":{"line":79,"column":118}},"38":{"start":{"line":80,"column":4},"end":{"line":80,"column":103}},"39":{"start":{"line":80,"column":15},"end":{"line":80,"column":103}},"40":{"start":{"line":81,"column":4},"end":{"line":81,"column":114}},"41":{"start":{"line":82,"column":20},"end":{"line":82,"column":32}},"42":{"start":{"line":86,"column":2},"end":{"line":114,"column":34}},"43":{"start":{"line":87,"column":22},"end":{"line":87,"column":30}},"44":{"start":{"line":88,"column":4},"end":{"line":88,"column":94}},"45":{"start":{"line":88,"column":16},"end":{"line":88,"column":94}},"46":{"start":{"line":90,"column":17},"end":{"line":90,"column":63}},"47":{"start":{"line":91,"column":4},"end":{"line":91,"column":103}},"48":{"start":{"line":91,"column":15},"end":{"line":91,"column":103}},"49":{"start":{"line":93,"column":4},"end":{"line":93,"column":23}},"50":{"start":{"line":94,"column":4},"end":{"line":96,"column":5}},"51":{"start":{"line":95,"column":6},"end":{"line":95,"column":97}},"52":{"start":{"line":97,"column":4},"end":{"line":97,"column":22}},"53":{"start":{"line":99,"column":23},"end":{"line":99,"column":74}},"54":{"start":{"line":100,"column":4},"end":{"line":111,"column":5}},"55":{"start":{"line":101,"column":26},"end":{"line":101,"column":55}},"56":{"start":{"line":102,"column":6},"end":{"line":109,"column":7}},"57":{"start":{"line":103,"column":8},"end":{"line":103,"column":41}},"58":{"start":{"line":104,"column":8},"end":{"line":104,"column":120}},"59":{"start":{"line":105,"column":13},"end":{"line":109,"column":7}},"60":{"start":{"line":106,"column":8},"end":{"line":106,"column":40}},"61":{"start":{"line":107,"column":13},"end":{"line":109,"column":7}},"62":{"start":{"line":108,"column":8},"end":{"line":108,"column":43}},"63":{"start":{"line":110,"column":6},"end":{"line":110,"column":64}},"64":{"start":{"line":113,"column":4},"end":{"line":113,"column":111}},"65":{"start":{"line":114,"column":20},"end":{"line":114,"column":32}},"66":{"start":{"line":118,"column":2},"end":{"line":140,"column":34}},"67":{"start":{"line":119,"column":50},"end":{"line":119,"column":58}},"68":{"start":{"line":120,"column":17},"end":{"line":120,"column":63}},"69":{"start":{"line":121,"column":4},"end":{"line":121,"column":103}},"70":{"start":{"line":121,"column":15},"end":{"line":121,"column":103}},"71":{"start":{"line":123,"column":4},"end":{"line":123,"column":61}},"72":{"start":{"line":123,"column":34},"end":{"line":123,"column":61}},"73":{"start":{"line":124,"column":4},"end":{"line":124,"column":48}},"74":{"start":{"line":124,"column":29},"end":{"line":124,"column":48}},"75":{"start":{"line":125,"column":4},"end":{"line":125,"column":54}},"76":{"start":{"line":125,"column":25},"end":{"line":125,"column":54}},"77":{"start":{"line":126,"column":4},"end":{"line":126,"column":22}},"78":{"start":{"line":128,"column":4},"end":{"line":137,"column":5}},"79":{"start":{"line":129,"column":25},"end":{"line":129,"column":76}},"80":{"start":{"line":130,"column":6},"end":{"line":136,"column":7}},"81":{"start":{"line":131,"column":8},"end":{"line":135,"column":11}},"82":{"start":{"line":139,"column":4},"end":{"line":139,"column":190}},"83":{"start":{"line":140,"column":20},"end":{"line":140,"column":32}},"84":{"start":{"line":144,"column":2},"end":{"line":157,"column":34}},"85":{"start":{"line":145,"column":46},"end":{"line":145,"column":54}},"86":{"start":{"line":146,"column":4},"end":{"line":146,"column":113}},"87":{"start":{"line":146,"column":21},"end":{"line":146,"column":113}},"88":{"start":{"line":148,"column":20},"end":{"line":148,"column":34}},"89":{"start":{"line":149,"column":4},"end":{"line":149,"column":46}},"90":{"start":{"line":149,"column":18},"end":{"line":149,"column":46}},"91":{"start":{"line":150,"column":4},"end":{"line":150,"column":43}},"92":{"start":{"line":150,"column":17},"end":{"line":150,"column":43}},"93":{"start":{"line":152,"column":17},"end":{"line":152,"column":96}},"94":{"start":{"line":153,"column":4},"end":{"line":153,"column":103}},"95":{"start":{"line":153,"column":15},"end":{"line":153,"column":103}},"96":{"start":{"line":155,"column":4},"end":{"line":155,"column":100}},"97":{"start":{"line":156,"column":4},"end":{"line":156,"column":121}},"98":{"start":{"line":157,"column":20},"end":{"line":157,"column":32}},"99":{"start":{"line":161,"column":2},"end":{"line":165,"column":34}},"100":{"start":{"line":162,"column":17},"end":{"line":162,"column":72}},"101":{"start":{"line":163,"column":4},"end":{"line":163,"column":103}},"102":{"start":{"line":163,"column":15},"end":{"line":163,"column":103}},"103":{"start":{"line":164,"column":4},"end":{"line":164,"column":114}},"104":{"start":{"line":165,"column":20},"end":{"line":165,"column":32}},"105":{"start":{"line":169,"column":2},"end":{"line":187,"column":34}},"106":{"start":{"line":170,"column":115},"end":{"line":178,"column":6}},"107":{"start":{"line":180,"column":4},"end":{"line":186,"column":7}},"108":{"start":{"line":187,"column":20},"end":{"line":187,"column":32}},"109":{"start":{"line":195,"column":2},"end":{"line":198,"column":34}},"110":{"start":{"line":196,"column":17},"end":{"line":196,"column":47}},"111":{"start":{"line":197,"column":4},"end":{"line":197,"column":107}},"112":{"start":{"line":197,"column":71},"end":{"line":197,"column":101}},"113":{"start":{"line":198,"column":20},"end":{"line":198,"column":32}},"114":{"start":{"line":202,"column":2},"end":{"line":206,"column":34}},"115":{"start":{"line":203,"column":19},"end":{"line":203,"column":66}},"116":{"start":{"line":204,"column":4},"end":{"line":204,"column":100}},"117":{"start":{"line":204,"column":17},"end":{"line":204,"column":100}},"118":{"start":{"line":205,"column":4},"end":{"line":205,"column":80}},"119":{"start":{"line":206,"column":20},"end":{"line":206,"column":32}},"120":{"start":{"line":210,"column":2},"end":{"line":216,"column":34}},"121":{"start":{"line":211,"column":56},"end":{"line":211,"column":64}},"122":{"start":{"line":212,"column":4},"end":{"line":212,"column":98}},"123":{"start":{"line":212,"column":15},"end":{"line":212,"column":98}},"124":{"start":{"line":214,"column":19},"end":{"line":214,"column":94}},"125":{"start":{"line":215,"column":4},"end":{"line":215,"column":136}},"126":{"start":{"line":216,"column":20},"end":{"line":216,"column":32}},"127":{"start":{"line":220,"column":2},"end":{"line":224,"column":34}},"128":{"start":{"line":221,"column":19},"end":{"line":221,"column":121}},"129":{"start":{"line":222,"column":4},"end":{"line":222,"column":100}},"130":{"start":{"line":222,"column":17},"end":{"line":222,"column":100}},"131":{"start":{"line":223,"column":4},"end":{"line":223,"column":126}},"132":{"start":{"line":224,"column":20},"end":{"line":224,"column":32}},"133":{"start":{"line":228,"column":2},"end":{"line":232,"column":34}},"134":{"start":{"line":229,"column":19},"end":{"line":229,"column":75}},"135":{"start":{"line":230,"column":4},"end":{"line":230,"column":100}},"136":{"start":{"line":230,"column":17},"end":{"line":230,"column":100}},"137":{"start":{"line":231,"column":4},"end":{"line":231,"column":126}},"138":{"start":{"line":232,"column":20},"end":{"line":232,"column":32}},"139":{"start":{"line":240,"column":2},"end":{"line":259,"column":34}},"140":{"start":{"line":241,"column":53},"end":{"line":241,"column":62}},"141":{"start":{"line":242,"column":18},"end":{"line":242,"column":20}},"142":{"start":{"line":244,"column":4},"end":{"line":252,"column":5}},"143":{"start":{"line":245,"column":6},"end":{"line":251,"column":8}},"144":{"start":{"line":253,"column":4},"end":{"line":253,"column":82}},"145":{"start":{"line":253,"column":36},"end":{"line":253,"column":82}},"146":{"start":{"line":254,"column":4},"end":{"line":254,"column":90}},"147":{"start":{"line":254,"column":40},"end":{"line":254,"column":90}},"148":{"start":{"line":255,"column":4},"end":{"line":255,"column":82}},"149":{"start":{"line":255,"column":44},"end":{"line":255,"column":82}},"150":{"start":{"line":257,"column":17},"end":{"line":257,"column":75}},"151":{"start":{"line":258,"column":4},"end":{"line":258,"column":107}},"152":{"start":{"line":258,"column":71},"end":{"line":258,"column":101}},"153":{"start":{"line":259,"column":20},"end":{"line":259,"column":32}},"154":{"start":{"line":263,"column":2},"end":{"line":267,"column":34}},"155":{"start":{"line":264,"column":18},"end":{"line":264,"column":64}},"156":{"start":{"line":265,"column":4},"end":{"line":265,"column":104}},"157":{"start":{"line":265,"column":16},"end":{"line":265,"column":104}},"158":{"start":{"line":266,"column":4},"end":{"line":266,"column":78}},"159":{"start":{"line":267,"column":20},"end":{"line":267,"column":32}},"160":{"start":{"line":271,"column":2},"end":{"line":284,"column":34}},"161":{"start":{"line":272,"column":101},"end":{"line":272,"column":109}},"162":{"start":{"line":273,"column":4},"end":{"line":273,"column":132}},"163":{"start":{"line":273,"column":31},"end":{"line":273,"column":132}},"164":{"start":{"line":275,"column":18},"end":{"line":277,"column":6}},"165":{"start":{"line":279,"column":4},"end":{"line":281,"column":5}},"166":{"start":{"line":280,"column":6},"end":{"line":280,"column":113}},"167":{"start":{"line":283,"column":4},"end":{"line":283,"column":157}},"168":{"start":{"line":284,"column":20},"end":{"line":284,"column":32}},"169":{"start":{"line":288,"column":2},"end":{"line":292,"column":34}},"170":{"start":{"line":289,"column":18},"end":{"line":289,"column":119}},"171":{"start":{"line":290,"column":4},"end":{"line":290,"column":104}},"172":{"start":{"line":290,"column":16},"end":{"line":290,"column":104}},"173":{"start":{"line":291,"column":4},"end":{"line":291,"column":129}},"174":{"start":{"line":292,"column":20},"end":{"line":292,"column":32}},"175":{"start":{"line":296,"column":2},"end":{"line":300,"column":34}},"176":{"start":{"line":297,"column":18},"end":{"line":297,"column":112}},"177":{"start":{"line":298,"column":4},"end":{"line":298,"column":104}},"178":{"start":{"line":298,"column":16},"end":{"line":298,"column":104}},"179":{"start":{"line":299,"column":4},"end":{"line":299,"column":127}},"180":{"start":{"line":300,"column":20},"end":{"line":300,"column":32}},"181":{"start":{"line":304,"column":2},"end":{"line":308,"column":34}},"182":{"start":{"line":305,"column":18},"end":{"line":305,"column":73}},"183":{"start":{"line":306,"column":4},"end":{"line":306,"column":104}},"184":{"start":{"line":306,"column":16},"end":{"line":306,"column":104}},"185":{"start":{"line":307,"column":4},"end":{"line":307,"column":129}},"186":{"start":{"line":308,"column":20},"end":{"line":308,"column":32}},"187":{"start":{"line":316,"column":2},"end":{"line":331,"column":34}},"188":{"start":{"line":317,"column":41},"end":{"line":317,"column":50}},"189":{"start":{"line":318,"column":18},"end":{"line":318,"column":20}},"190":{"start":{"line":320,"column":4},"end":{"line":325,"column":5}},"191":{"start":{"line":321,"column":6},"end":{"line":324,"column":8}},"192":{"start":{"line":326,"column":4},"end":{"line":326,"column":90}},"193":{"start":{"line":326,"column":40},"end":{"line":326,"column":90}},"194":{"start":{"line":327,"column":4},"end":{"line":327,"column":82}},"195":{"start":{"line":327,"column":36},"end":{"line":327,"column":82}},"196":{"start":{"line":329,"column":17},"end":{"line":329,"column":50}},"197":{"start":{"line":330,"column":4},"end":{"line":330,"column":107}},"198":{"start":{"line":330,"column":71},"end":{"line":330,"column":101}},"199":{"start":{"line":331,"column":20},"end":{"line":331,"column":32}},"200":{"start":{"line":335,"column":2},"end":{"line":339,"column":34}},"201":{"start":{"line":336,"column":17},"end":{"line":336,"column":62}},"202":{"start":{"line":337,"column":4},"end":{"line":337,"column":100}},"203":{"start":{"line":337,"column":15},"end":{"line":337,"column":100}},"204":{"start":{"line":338,"column":4},"end":{"line":338,"column":76}},"205":{"start":{"line":339,"column":20},"end":{"line":339,"column":32}},"206":{"start":{"line":343,"column":2},"end":{"line":351,"column":34}},"207":{"start":{"line":344,"column":67},"end":{"line":344,"column":75}},"208":{"start":{"line":345,"column":4},"end":{"line":345,"column":97}},"209":{"start":{"line":345,"column":15},"end":{"line":345,"column":97}},"210":{"start":{"line":347,"column":22},"end":{"line":349,"column":6}},"211":{"start":{"line":350,"column":4},"end":{"line":350,"column":146}},"212":{"start":{"line":351,"column":20},"end":{"line":351,"column":32}},"213":{"start":{"line":355,"column":2},"end":{"line":369,"column":34}},"214":{"start":{"line":356,"column":17},"end":{"line":356,"column":62}},"215":{"start":{"line":357,"column":4},"end":{"line":357,"column":100}},"216":{"start":{"line":357,"column":15},"end":{"line":357,"column":100}},"217":{"start":{"line":359,"column":4},"end":{"line":359,"column":80}},"218":{"start":{"line":359,"column":40},"end":{"line":359,"column":80}},"219":{"start":{"line":360,"column":4},"end":{"line":360,"column":92}},"220":{"start":{"line":360,"column":44},"end":{"line":360,"column":92}},"221":{"start":{"line":361,"column":4},"end":{"line":361,"column":63}},"222":{"start":{"line":361,"column":37},"end":{"line":361,"column":63}},"223":{"start":{"line":362,"column":4},"end":{"line":362,"column":75}},"224":{"start":{"line":362,"column":41},"end":{"line":362,"column":75}},"225":{"start":{"line":363,"column":4},"end":{"line":363,"column":63}},"226":{"start":{"line":363,"column":37},"end":{"line":363,"column":63}},"227":{"start":{"line":364,"column":4},"end":{"line":364,"column":69}},"228":{"start":{"line":364,"column":39},"end":{"line":364,"column":69}},"229":{"start":{"line":366,"column":4},"end":{"line":366,"column":22}},"230":{"start":{"line":368,"column":4},"end":{"line":368,"column":124}},"231":{"start":{"line":369,"column":20},"end":{"line":369,"column":32}},"232":{"start":{"line":373,"column":2},"end":{"line":382,"column":34}},"233":{"start":{"line":374,"column":17},"end":{"line":374,"column":62}},"234":{"start":{"line":375,"column":4},"end":{"line":375,"column":100}},"235":{"start":{"line":375,"column":15},"end":{"line":375,"column":100}},"236":{"start":{"line":377,"column":16},"end":{"line":377,"column":112}},"237":{"start":{"line":378,"column":4},"end":{"line":378,"column":24}},"238":{"start":{"line":379,"column":4},"end":{"line":379,"column":22}},"239":{"start":{"line":381,"column":4},"end":{"line":381,"column":124}},"240":{"start":{"line":382,"column":20},"end":{"line":382,"column":32}},"241":{"start":{"line":386,"column":2},"end":{"line":390,"column":34}},"242":{"start":{"line":387,"column":17},"end":{"line":387,"column":71}},"243":{"start":{"line":388,"column":4},"end":{"line":388,"column":100}},"244":{"start":{"line":388,"column":15},"end":{"line":388,"column":100}},"245":{"start":{"line":389,"column":4},"end":{"line":389,"column":124}},"246":{"start":{"line":390,"column":20},"end":{"line":390,"column":32}}},"fnMap":{"0":{"name":"getTasks","decl":{"start":{"line":11,"column":22},"end":{"line":11,"column":30}},"loc":{"start":{"line":11,"column":47},"end":{"line":32,"column":1}},"line":11},"1":{"name":"(anonymous_1)","decl":{"start":{"line":30,"column":65},"end":{"line":30,"column":66}},"loc":{"start":{"line":30,"column":71},"end":{"line":30,"column":101}},"line":30},"2":{"name":"getTaskById","decl":{"start":{"line":34,"column":22},"end":{"line":34,"column":33}},"loc":{"start":{"line":34,"column":50},"end":{"line":40,"column":1}},"line":34},"3":{"name":"createTask","decl":{"start":{"line":42,"column":22},"end":{"line":42,"column":32}},"loc":{"start":{"line":42,"column":49},"end":{"line":75,"column":1}},"line":42},"4":{"name":"updateTaskData","decl":{"start":{"line":77,"column":22},"end":{"line":77,"column":36}},"loc":{"start":{"line":77,"column":53},"end":{"line":83,"column":1}},"line":77},"5":{"name":"updateTaskStage","decl":{"start":{"line":85,"column":22},"end":{"line":85,"column":37}},"loc":{"start":{"line":85,"column":54},"end":{"line":115,"column":1}},"line":85},"6":{"name":"updateTaskChecklist","decl":{"start":{"line":117,"column":22},"end":{"line":117,"column":41}},"loc":{"start":{"line":117,"column":58},"end":{"line":141,"column":1}},"line":117},"7":{"name":"assignTaskStaff","decl":{"start":{"line":143,"column":22},"end":{"line":143,"column":37}},"loc":{"start":{"line":143,"column":54},"end":{"line":158,"column":1}},"line":143},"8":{"name":"deleteTaskData","decl":{"start":{"line":160,"column":22},"end":{"line":160,"column":36}},"loc":{"start":{"line":160,"column":53},"end":{"line":166,"column":1}},"line":160},"9":{"name":"getHousekeepingStats","decl":{"start":{"line":168,"column":22},"end":{"line":168,"column":42}},"loc":{"start":{"line":168,"column":59},"end":{"line":188,"column":1}},"line":168},"10":{"name":"getStaff","decl":{"start":{"line":194,"column":22},"end":{"line":194,"column":30}},"loc":{"start":{"line":194,"column":47},"end":{"line":199,"column":1}},"line":194},"11":{"name":"(anonymous_11)","decl":{"start":{"line":197,"column":65},"end":{"line":197,"column":66}},"loc":{"start":{"line":197,"column":71},"end":{"line":197,"column":101}},"line":197},"12":{"name":"getStaffById","decl":{"start":{"line":201,"column":22},"end":{"line":201,"column":34}},"loc":{"start":{"line":201,"column":51},"end":{"line":207,"column":1}},"line":201},"13":{"name":"createStaff","decl":{"start":{"line":209,"column":22},"end":{"line":209,"column":33}},"loc":{"start":{"line":209,"column":50},"end":{"line":217,"column":1}},"line":209},"14":{"name":"updateStaffData","decl":{"start":{"line":219,"column":22},"end":{"line":219,"column":37}},"loc":{"start":{"line":219,"column":54},"end":{"line":225,"column":1}},"line":219},"15":{"name":"deleteStaffData","decl":{"start":{"line":227,"column":22},"end":{"line":227,"column":37}},"loc":{"start":{"line":227,"column":54},"end":{"line":233,"column":1}},"line":227},"16":{"name":"getMaintenance","decl":{"start":{"line":239,"column":22},"end":{"line":239,"column":36}},"loc":{"start":{"line":239,"column":53},"end":{"line":260,"column":1}},"line":239},"17":{"name":"(anonymous_17)","decl":{"start":{"line":258,"column":65},"end":{"line":258,"column":66}},"loc":{"start":{"line":258,"column":71},"end":{"line":258,"column":101}},"line":258},"18":{"name":"getMaintenanceById","decl":{"start":{"line":262,"column":22},"end":{"line":262,"column":40}},"loc":{"start":{"line":262,"column":57},"end":{"line":268,"column":1}},"line":262},"19":{"name":"createMaintenance","decl":{"start":{"line":270,"column":22},"end":{"line":270,"column":39}},"loc":{"start":{"line":270,"column":56},"end":{"line":285,"column":1}},"line":270},"20":{"name":"updateMaintenanceData","decl":{"start":{"line":287,"column":22},"end":{"line":287,"column":43}},"loc":{"start":{"line":287,"column":60},"end":{"line":293,"column":1}},"line":287},"21":{"name":"resolveMaintenanc
[...]
,"C:\\xampp\\htdocs\\fullstack assignment\\PUSL3120_GROUP 9\\backend\\models\\InventorySupply.js": {"path":"C:\\xampp\\htdocs\\fullstack assignment\\PUSL3120_GROUP 9\\backend\\models\\InventorySupply.js","statementMap":{"0":{"start":{"line":3,"column":30},"end":{"line":10,"column":24}},"1":{"start":{"line":13,"column":0},"end":{"line":22,"column":3}},"2":{"start":{"line":14,"column":2},"end":{"line":20,"column":3}},"3":{"start":{"line":15,"column":4},"end":{"line":15,"column":29}},"4":{"start":{"line":16,"column":9},"end":{"line":20,"column":3}},"5":{"start":{"line":17,"column":4},"end":{"line":17,"column":30}},"6":{"start":{"line":19,"column":4},"end":{"line":19,"column":35}},"7":{"start":{"line":21,"column":2},"end":{"line":21,"column":9}}},"fnMap":{"0":{"name":"(anonymous_0)","decl":{"start":{"line":13,"column":34},"end":{"line":13,"column":35}},"loc":{"start":{"line":13,"column":49},"end":{"line":22,"column":1}},"line":13}},"branchMap":{"0":{"loc":{"start":{"line":14,"column":2},"end":{"line":20,"column":3}},"type":"if","locations":[{"start":{"line":14,"column":2},"end":{"line":20,"column":3}},{"start":{"line":16,"column":9},"end":{"line":20,"column":3}}],"line":14},"1":{"loc":{"start":{"line":16,"column":9},"end":{"line":20,"column":3}},"type":"if","locations":[{"start":{"line":16,"column":9},"end":{"line":20,"column":3}},{"start":{"line":18,"column":9},"end":{"line":20,"column":3}}],"line":16}},"s":{"0":5,"1":5,"2":0,"3":0,"4":0,"5":0,"6":0,"7":0},"f":{"0":0},"b":{"0":[0,0],"1":[0,0]},"inputSourceMap":null,"_coverageSchema":"1a1c01bbd47fc00a2c39e90264f33305004495a9","hash":"f96f5216cf61d6b0dc847b4249bddafc8f688a11"}
,"C:\\xampp\\htdocs\\fullstack assignment\\PUSL3120_GROUP 9\\backend\\models\\Invoice.js": {"path":"C:\\xampp\\htdocs\\fullstack assignment\\PUSL3120_GROUP 9\\backend\\models\\Invoice.js","statementMap":{},"fnMap":{},"branchMap":{},"s":{},"f":{},"b":{},"inputSourceMap":null,"_coverageSchema":"1a1c01bbd47fc00a2c39e90264f33305004495a9","hash":"9c406469da34b898ccc92df88a2ebc2b11a64c27"}
,"C:\\xampp\\htdocs\\fullstack assignment\\PUSL3120_GROUP 9\\backend\\models\\MaintenanceIssue.js": {"path":"C:\\xampp\\htdocs\\fullstack assignment\\PUSL3120_GROUP 9\\backend\\models\\MaintenanceIssue.js","statementMap":{"0":{"start":{"line":3,"column":31},"end":{"line":13,"column":24}}},"fnMap":{},"branchMap":{},"s":{"0":5},"f":{},"b":{},"inputSourceMap":null,"_coverageSchema":"1a1c01bbd47fc00a2c39e90264f33305004495a9","hash":"5dc67a09945e0827677c1470c6acd09567dcf199"}
,"C:\\xampp\\htdocs\\fullstack assignment\\PUSL3120_GROUP 9\\backend\\models\\Payment.js": {"path":"C:\\xampp\\htdocs\\fullstack assignment\\PUSL3120_GROUP 9\\backend\\models\\Payment.js","statementMap":{},"fnMap":{},"branchMap":{},"s":{},"f":{},"b":{},"inputSourceMap":null,"_coverageSchema":"1a1c01bbd47fc00a2c39e90264f33305004495a9","hash":"241d4beed8a2ae377f314261bebdacf612e0ecc3"}
,"C:\\xampp\\htdocs\\fullstack assignment\\PUSL3120_GROUP 9\\backend\\models\\Reservation.js": {"path":"C:\\xampp\\htdocs\\fullstack assignment\\PUSL3120_GROUP 9\\backend\\models\\Reservation.js","statementMap":{"0":{"start":{"line":3,"column":26},"end":{"line":9,"column":194}},"1":{"start":{"line":9,"column":77},"end":{"line":9,"column":119}},"2":{"start":{"line":9,"column":120},"end":{"line":9,"column":159}},"3":{"start":{"line":9,"column":160},"end":{"line":9,"column":175}},"4":{"start":{"line":9,"column":176},"end":{"line":9,"column":187}},"5":{"start":{"line":11,"column":0},"end":{"line":11,"column":81}},"6":{"start":{"line":12,"column":0},"end":{"line":12,"column":204}},"7":{"start":{"line":12,"column":71},"end":{"line":12,"column":128}},"8":{"start":{"line":12,"column":129},"end":{"line":12,"column":192}},"9":{"start":{"line":12,"column":193},"end":{"line":12,"column":200}}},"fnMap":{"0":{"name":"(anonymous_0)","decl":{"start":{"line":9,"column":60},"end":{"line":9,"column":61}},"loc":{"start":{"line":9,"column":75},"end":{"line":9,"column":189}},"line":9},"1":{"name":"setOccupancyAliases","decl":{"start":{"line":12,"column":43},"end":{"line":12,"column":62}},"loc":{"start":{"line":12,"column":69},"end":{"line":12,"column":202}},"line":12}},"branchMap":{"0":{"loc":{"start":{"line":9,"column":91},"end":{"line":9,"column":118}},"type":"binary-expr","locations":[{"start":{"line":9,"column":91},"end":{"line":9,"column":105}},{"start":{"line":9,"column":109},"end":{"line":9,"column":118}}],"line":9},"1":{"loc":{"start":{"line":9,"column":133},"end":{"line":9,"column":158}},"type":"binary-expr","locations":[{"start":{"line":9,"column":133},"end":{"line":9,"column":146}},{"start":{"line":9,"column":150},"end":{"line":9,"column":158}}],"line":9},"2":{"loc":{"start":{"line":12,"column":93},"end":{"line":12,"column":127}},"type":"binary-expr","locations":[{"start":{"line":12,"column":93},"end":{"line":12,"column":112}},{"start":{"line":12,"column":116},"end":{"line":12,"column":127}}],"line":12},"3":{"loc":{"start":{"line":12,"column":153},"end":{"line":12,"column":191}},"type":"binary-expr","locations":[{"start":{"line":12,"column":153},"end":{"line":12,"column":174}},{"start":{"line":12,"column":178},"end":{"line":12,"column":191}}],"line":12}},"s":{"0":5,"1":0,"2":0,"3":0,"4":0,"5":5,"6":5,"7":0,"8":0,"9":0},"f":{"0":0,"1":0},"b":{"0":[0,0],"1":[0,0],"2":[0,0],"3":[0,0]},"inputSourceMap":null,"_coverageSchema":"1a1c01bbd47fc00a2c39e90264f33305004495a9","hash":"fb3902f52f8d9a64e5302c8c54373c7873a96ae7"}
,"C:\\xampp\\htdocs\\fullstack assignment\\PUSL3120_GROUP 9\\backend\\models\\Room.js": {"path":"C:\\xampp\\htdocs\\fullstack assignment\\PUSL3120_GROUP 9\\backend\\models\\Room.js","statementMap":{"0":{"start":{"line":3,"column":19},"end":{"line":14,"column":111}},"1":{"start":{"line":14,"column":77},"end":{"line":14,"column":92}},"2":{"start":{"line":14,"column":93},"end":{"line":14,"column":104}},"3":{"start":{"line":16,"column":0},"end":{"line":22,"column":3}},"4":{"start":{"line":17,"column":2},"end":{"line":17,"column":45}},"5":{"start":{"line":18,"column":2},"end":{"line":18,"column":41}},"6":{"start":{"line":19,"column":2},"end":{"line":19,"column":56}},"7":{"start":{"line":20,"column":2},"end":{"line":20,"column":48}},"8":{"start":{"line":21,"column":2},"end":{"line":21,"column":9}}},"fnMap":{"0":{"name":"(anonymous_0)","decl":{"start":{"line":14,"column":60},"end":{"line":14,"column":61}},"loc":{"start":{"line":14,"column":75},"end":{"line":14,"column":106}},"line":14},"1":{"name":"setRoomAliases","decl":{"start":{"line":16,"column":36},"end":{"line":16,"column":50}},"loc":{"start":{"line":16,"column":57},"end":{"line":22,"column":1}},"line":16}},"branchMap":{"0":{"loc":{"start":{"line":17,"column":18},"end":{"line":17,"column":44}},"type":"binary-expr","locations":[{"start":{"line":17,"column":18},"end":{"line":17,"column":31}},{"start":{"line":17,"column":35},"end":{"line":17,"column":44}}],"line":17},"1":{"loc":{"start":{"line":18,"column":14},"end":{"line":18,"column":40}},"type":"binary-expr","locations":[{"start":{"line":18,"column":14},"end":{"line":18,"column":23}},{"start":{"line":18,"column":27},"end":{"line":18,"column":40}}],"line":18},"2":{"loc":{"start":{"line":19,"column":23},"end":{"line":19,"column":55}},"type":"binary-expr","locations":[{"start":{"line":19,"column":23},"end":{"line":19,"column":41}},{"start":{"line":19,"column":45},"end":{"line":19,"column":55}}],"line":19},"3":{"loc":{"start":{"line":20,"column":15},"end":{"line":20,"column":47}},"type":"binary-expr","locations":[{"start":{"line":20,"column":15},"end":{"line":20,"column":25}},{"start":{"line":20,"column":29},"end":{"line":20,"column":47}}],"line":20}},"s":{"0":5,"1":0,"2":0,"3":5,"4":0,"5":0,"6":0,"7":0,"8":0},"f":{"0":0,"1":0},"b":{"0":[0,0],"1":[0,0],"2":[0,0],"3":[0,0]},"inputSourceMap":null,"_coverageSchema":"1a1c01bbd47fc00a2c39e90264f33305004495a9","hash":"cd0447aaf9d055c87cf98bcceb958b9f4e385101"}
,"C:\\xampp\\htdocs\\fullstack assignment\\PUSL3120_GROUP 9\\backend\\models\\Stay.js": {"path":"C:\\xampp\\htdocs\\fullstack assignment\\PUSL3120_GROUP 9\\backend\\models\\Stay.js","statementMap":{"0":{"start":{"line":3,"column":19},"end":{"line":7,"column":24}}},"fnMap":{},"branchMap":{},"s":{"0":5},"f":{},"b":{},"inputSourceMap":null,"_coverageSchema":"1a1c01bbd47fc00a2c39e90264f33305004495a9","hash":"b101fdbb9746b20824ee13b80797f23f2f2fdb5a"}
,"C:\\xampp\\htdocs\\fullstack assignment\\PUSL3120_GROUP 9\\backend\\models\\User.js": {"path":"C:\\xampp\\htdocs\\fullstack assignment\\PUSL3120_GROUP 9\\backend\\models\\User.js","statementMap":{"0":{"start":{"line":3,"column":19},"end":{"line":10,"column":132}},"1":{"start":{"line":10,"column":77},"end":{"line":10,"column":97}},"2":{"start":{"line":10,"column":98},"end":{"line":10,"column":113}},"3":{"start":{"line":10,"column":114},"end":{"line":10,"column":125}}},"fnMap":{"0":{"name":"(anonymous_0)","decl":{"start":{"line":10,"column":60},"end":{"line":10,"column":61}},"loc":{"start":{"line":10,"column":75},"end":{"line":10,"column":127}},"line":10}},"branchMap":{},"s":{"0":5,"1":0,"2":0,"3":0},"f":{"0":0},"b":{},"inputSourceMap":null,"_coverageSchema":"1a1c01bbd47fc00a2c39e90264f33305004495a9","hash":"4838efb86e473bf0a385b529e0770fa93ce2e13c"}
,"C:\\xampp\\htdocs\\fullstack assignment\\PUSL3120_GROUP 9\\backend\\routes\\authRoutes.js": {"path":"C:\\xampp\\htdocs\\fullstack assignment\\PUSL3120_GROUP 9\\backend\\routes\\authRoutes.js","statementMap":{"0":{"start":{"line":9,"column":15},"end":{"line":9,"column":31}},"1":{"start":{"line":12,"column":0},"end":{"line":12,"column":35}},"2":{"start":{"line":13,"column":0},"end":{"line":13,"column":29}},"3":{"start":{"line":14,"column":0},"end":{"line":14,"column":36}},"4":{"start":{"line":17,"column":0},"end":{"line":17,"column":48}}},"fnMap":{},"branchMap":{},"s":{"0":5,"1":5,"2":5,"3":5,"4":5},"f":{},"b":{},"inputSourceMap":null,"_coverageSchema":"1a1c01bbd47fc00a2c39e90264f33305004495a9","hash":"f16bce5242c0a82ac10ed5945314a74892941734"}
,"C:\\xampp\\htdocs\\fullstack assignment\\PUSL3120_GROUP 9\\backend\\routes\\commerceRoutes.js": {"path":"C:\\xampp\\htdocs\\fullstack assignment\\PUSL3120_GROUP 9\\backend\\routes\\commerceRoutes.js","statementMap":{"0":{"start":{"line":3,"column":15},"end":{"line":3,"column":31}},"1":{"start":{"line":4,"column":0},"end":{"line":4,"column":51}},"2":{"start":{"line":4,"column":52},"end":{"line":4,"column":106}},"3":{"start":{"line":4,"column":107},"end":{"line":4,"column":164}},"4":{"start":{"line":4,"column":165},"end":{"line":4,"column":225}},"5":{"start":{"line":5,"column":0},"end":{"line":5,"column":48}},"6":{"start":{"line":5,"column":49},"end":{"line":5,"column":100}},"7":{"start":{"line":5,"column":101},"end":{"line":5,"column":155}},"8":{"start":{"line":6,"column":0},"end":{"line":6,"column":48}},"9":{"start":{"line":6,"column":49},"end":{"line":6,"column":100}},"10":{"start":{"line":6,"column":101},"end":{"line":6,"column":152}},"11":{"start":{"line":7,"column":0},"end":{"line":7,"column":48}},"12":{"start":{"line":7,"column":49},"end":{"line":7,"column":100}},"13":{"start":{"line":7,"column":101},"end":{"line":7,"column":152}},"14":{"start":{"line":7,"column":153},"end":{"line":7,"column":209}}},"fnMap":{},"branchMap":{},"s":{"0":5,"1":5,"2":5,"3":5,"4":5,"5":5,"6":5,"7":5,"8":5,"9":5,"10":5,"11":5,"12":5,"13":5,"14":5},"f":{},"b":{},"inputSourceMap":null,"_coverageSchema":"1a1c01bbd47fc00a2c39e90264f33305004495a9","hash":"e31e88e118944fb541ea200cfcdfd922048f2a64"}
,"C:\\xampp\\htdocs\\fullstack assignment\\PUSL3120_GROUP 9\\backend\\routes\\dashboardRoutes.js": {"path":"C:\\xampp\\htdocs\\fullstack assignment\\PUSL3120_GROUP 9\\backend\\routes\\dashboardRoutes.js","statementMap":{"0":{"start":{"line":13,"column":15},"end":{"line":13,"column":31}},"1":{"start":{"line":16,"column":0},"end":{"line":16,"column":58}},"2":{"start":{"line":17,"column":0},"end":{"line":17,"column":57}},"3":{"start":{"line":18,"column":0},"end":{"line":18,"column":53}}},"fnMap":{},"branchMap":{},"s":{"0":5,"1":5,"2":5,"3":5},"f":{},"b":{},"inputSourceMap":null,"_coverageSchema":"1a1c01bbd47fc00a2c39e90264f33305004495a9","hash":"8d0a019b3723829c6941ffe4e50c41ee18dfa643"}
,"C:\\xampp\\htdocs\\fullstack assignment\\PUSL3120_GROUP 9\\backend\\routes\\guestRoutes.js": {"path":"C:\\xampp\\htdocs\\fullstack assignment\\PUSL3120_GROUP 9\\backend\\routes\\guestRoutes.js","statementMap":{"0":{"start":{"line":16,"column":15},"end":{"line":16,"column":31}},"1":{"start":{"line":19,"column":0},"end":{"line":19,"column":30}},"2":{"start":{"line":20,"column":0},"end":{"line":20,"column":44}},"3":{"start":{"line":21,"column":0},"end":{"line":21,"column":33}},"4":{"start":{"line":24,"column":0},"end":{"line":24,"column":104}},"5":{"start":{"line":25,"column":0},"end":{"line":25,"column":110}},"6":{"start":{"line":26,"column":0},"end":{"line":26,"column":97}}},"fnMap":{},"branchMap":{},"s":{"0":5,"1":5,"2":5,"3":5,"4":5,"5":5,"6":5},"f":{},"b":{},"inputSourceMap":null,"_coverageSchema":"1a1c01bbd47fc00a2c39e90264f33305004495a9","hash":"5c8c494ab6465747e2e4411d9b198e6ed72bc6b3"}
,"C:\\xampp\\htdocs\\fullstack assignment\\PUSL3120_GROUP 9\\backend\\routes\\housekeepingRoutes.js": {"path":"C:\\xampp\\htdocs\\fullstack assignment\\PUSL3120_GROUP 9\\backend\\routes\\housekeepingRoutes.js","statementMap":{"0":{"start":{"line":40,"column":15},"end":{"line":40,"column":31}},"1":{"start":{"line":43,"column":0},"end":{"line":43,"column":51}},"2":{"start":{"line":46,"column":0},"end":{"line":46,"column":31}},"3":{"start":{"line":47,"column":0},"end":{"line":47,"column":38}},"4":{"start":{"line":48,"column":0},"end":{"line":48,"column":34}},"5":{"start":{"line":49,"column":0},"end":{"line":49,"column":41}},"6":{"start":{"line":50,"column":0},"end":{"line":50,"column":43}},"7":{"start":{"line":51,"column":0},"end":{"line":51,"column":50}},"8":{"start":{"line":52,"column":0},"end":{"line":52,"column":58}},"9":{"start":{"line":53,"column":0},"end":{"line":53,"column":51}},"10":{"start":{"line":54,"column":0},"end":{"line":54,"column":44}},"11":{"start":{"line":57,"column":0},"end":{"line":57,"column":31}},"12":{"start":{"line":58,"column":0},"end":{"line":58,"column":39}},"13":{"start":{"line":59,"column":0},"end":{"line":59,"column":35}},"14":{"start":{"line":60,"column":0},"end":{"line":60,"column":42}},"15":{"start":{"line":61,"column":0},"end":{"line":61,"column":44}},"16":{"start":{"line":62,"column":0},"end":{"line":62,"column":45}},"17":{"start":{"line":65,"column":0},"end":{"line":65,"column":43}},"18":{"start":{"line":66,"column":0},"end":{"line":66,"column":51}},"19":{"start":{"line":67,"column":0},"end":{"line":67,"column":47}},"20":{"start":{"line":68,"column":0},"end":{"line":68,"column":54}},"21":{"start":{"line":69,"column":0},"end":{"line":69,"column":56}},"22":{"start":{"line":70,"column":0},"end":{"line":70,"column":61}},"23":{"start":{"line":71,"column":0},"end":{"line":71,"column":57}},"24":{"start":{"line":74,"column":0},"end":{"line":74,"column":39}},"25":{"start":{"line":75,"column":0},"end":{"line":75,"column":47}},"26":{"start":{"line":76,"column":0},"end":{"line":76,"column":43}},"27":{"start":{"line":77,"column":0},"end":{"line":77,"column":50}},"28":{"start":{"line":78,"column":0},"end":{"line":78,"column":52}},"29":{"start":{"line":79,"column":0},"end":{"line":79,"column":60}},"30":{"start":{"line":80,"column":0},"end":{"line":80,"column":61}},"31":{"start":{"line":81,"column":0},"end":{"line":81,"column":53}}},"fnMap":{},"branchMap":{},"s":{"0":5,"1":5,"2":5,"3":5,"4":5,"5":5,"6":5,"7":5,"8":5,"9":5,"10":5,"11":5,"12":5,"13":5,"14":5,"15":5,"16":5,"17":5,"18":5,"19":5,"20":5,"21":5,"22":5,"23":5,"24":5,"25":5,"26":5,"27":5,"28":5,"29":5,"30":5,"31":5},"f":{},"b":{},"inputSourceMap":null,"_coverageSchema":"1a1c01bbd47fc00a2c39e90264f33305004495a9","hash":"c0388af1beb885d47ae038b4daeab3fb5af6690f"}
,"C:\\xampp\\htdocs\\fullstack assignment\\PUSL3120_GROUP 9\\backend\\routes\\reservationRoutes.js": {"path":"C:\\xampp\\htdocs\\fullstack assignment\\PUSL3120_GROUP 9\\backend\\routes\\reservationRoutes.js","statementMap":{"0":{"start":{"line":23,"column":15},"end":{"line":23,"column":31}},"1":{"start":{"line":26,"column":0},"end":{"line":26,"column":50}},"2":{"start":{"line":27,"column":0},"end":{"line":27,"column":60}},"3":{"start":{"line":30,"column":0},"end":{"line":30,"column":45}},"4":{"start":{"line":31,"column":0},"end":{"line":31,"column":52}},"5":{"start":{"line":34,"column":0},"end":{"line":34,"column":49}},"6":{"start":{"line":37,"column":0},"end":{"line":37,"column":49}},"7":{"start":{"line":40,"column":0},"end":{"line":40,"column":64}},"8":{"start":{"line":43,"column":0},"end":{"line":43,"column":36}},"9":{"start":{"line":46,"column":0},"end":{"line":46,"column":54}},"10":{"start":{"line":49,"column":0},"end":{"line":49,"column":39}},"11":{"start":{"line":52,"column":0},"end":{"line":52,"column":110}},"12":{"start":{"line":55,"column":0},"end":{"line":55,"column":116}},"13":{"start":{"line":58,"column":0},"end":{"line":58,"column":103}}},"fnMap":{},"branchMap":{},"s":{"0":5,"1":5,"2":5,"3":5,"4":5,"5":5,"6":5,"7":5,"8":5,"9":5,"10":5,"11":5,"12":5,"13":5},"f":{},"b":{},"inputSourceMap":null,"_coverageSchema":"1a1c01bbd47fc00a2c39e90264f33305004495a9","hash":"3c26e39419f5fe654d8a0fa69dbb0c4c8f78c270"}
,"C:\\xampp\\htdocs\\fullstack assignment\\PUSL3120_GROUP 9\\backend\\routes\\roomRoutes.js": {"path":"C:\\xampp\\htdocs\\fullstack assignment\\PUSL3120_GROUP 9\\backend\\routes\\roomRoutes.js","statementMap":{"0":{"start":{"line":17,"column":15},"end":{"line":17,"column":31}},"1":{"start":{"line":20,"column":0},"end":{"line":20,"column":43}},"2":{"start":{"line":21,"column":0},"end":{"line":21,"column":44}},"3":{"start":{"line":24,"column":0},"end":{"line":24,"column":29}},"4":{"start":{"line":27,"column":0},"end":{"line":27,"column":32}},"5":{"start":{"line":30,"column":0},"end":{"line":30,"column":29}},"6":{"start":{"line":33,"column":0},"end":{"line":33,"column":35}},"7":{"start":{"line":34,"column":0},"end":{"line":34,"column":37}},"8":{"start":{"line":37,"column":0},"end":{"line":37,"column":46}},"9":{"start":{"line":40,"column":0},"end":{"line":40,"column":38}}},"fnMap":{},"branchMap":{},"s":{"0":5,"1":5,"2":5,"3":5,"4":5,"5":5,"6":5,"7":5,"8":5,"9":5},"f":{},"b":{},"inputSourceMap":null,"_coverageSchema":"1a1c01bbd47fc00a2c39e90264f33305004495a9","hash":"88fc9f74aa332f60032cf6adf765dc43f97bd4ca"}
,"C:\\xampp\\htdocs\\fullstack assignment\\PUSL3120_GROUP 9\\backend\\routes\\stayRoutes.js": {"path":"C:\\xampp\\htdocs\\fullstack assignment\\PUSL3120_GROUP 9\\backend\\routes\\stayRoutes.js","statementMap":{"0":{"start":{"line":3,"column":15},"end":{"line":3,"column":31}},"1":{"start":{"line":4,"column":0},"end":{"line":4,"column":57}},"2":{"start":{"line":4,"column":58},"end":{"line":4,"column":132}},"3":{"start":{"line":4,"column":133},"end":{"line":4,"column":193}},"4":{"start":{"line":5,"column":0},"end":{"line":5,"column":59}},"5":{"start":{"line":5,"column":60},"end":{"line":5,"column":129}},"6":{"start":{"line":5,"column":130},"end":{"line":5,"column":192}}},"fnMap":{},"branchMap":{},"s":{"0":5,"1":5,"2":5,"3":5,"4":5,"5":5,"6":5},"f":{},"b":{},"inputSourceMap":null,"_coverageSchema":"1a1c01bbd47fc00a2c39e90264f33305004495a9","hash":"eff5a83956aace3ba55641e97c44efe43b6ba201"}
,"C:\\xampp\\htdocs\\fullstack assignment\\PUSL3120_GROUP 9\\backend\\routes\\userRoutes.js": {"path":"C:\\xampp\\htdocs\\fullstack assignment\\PUSL3120_GROUP 9\\backend\\routes\\userRoutes.js","statementMap":{"0":{"start":{"line":5,"column":15},"end":{"line":5,"column":31}},"1":{"start":{"line":6,"column":0},"end":{"line":6,"column":40}}},"fnMap":{},"branchMap":{},"s":{"0":5,"1":5},"f":{},"b":{},"inputSourceMap":null,"_coverageSchema":"1a1c01bbd47fc00a2c39e90264f33305004495a9","hash":"9014b325a3c1b3c5b6b90049cd9a083ae44a6f44"}
}
