TN:
SF:server.js
FN:34,(anonymous_0)
FN:43,(anonymous_1)
FN:48,(anonymous_2)
FN:50,(anonymous_3)
FN:123,(anonymous_4)
FN:137,(anonymous_5)
FN:146,(anonymous_6)
FN:150,(anonymous_7)
FN:178,(anonymous_8)
FN:182,(anonymous_9)
FN:184,(anonymous_10)
FN:202,(anonymous_11)
FN:206,(anonymous_12)
FN:208,(anonymous_13)
FN:218,(anonymous_14)
FN:219,(anonymous_15)
FN:246,(anonymous_16)
FN:274,(anonymous_17)
FN:276,(anonymous_18)
FN:294,(anonymous_19)
FN:295,(anonymous_20)
FN:303,(anonymous_21)
FN:335,(anonymous_22)
FN:344,(anonymous_23)
FN:354,startServer
FN:356,(anonymous_25)
FN:366,(anonymous_26)
FNF:27
FNH:3
FNDA:0,(anonymous_0)
FNDA:20,(anonymous_1)
FNDA:0,(anonymous_2)
FNDA:0,(anonymous_3)
FNDA:20,(anonymous_4)
FNDA:1,(anonymous_5)
FNDA:0,(anonymous_6)
FNDA:0,(anonymous_7)
FNDA:0,(anonymous_8)
FNDA:0,(anonymous_9)
FNDA:0,(anonymous_10)
FNDA:0,(anonymous_11)
FNDA:0,(anonymous_12)
FNDA:0,(anonymous_13)
FNDA:0,(anonymous_14)
FNDA:0,(anonymous_15)
FNDA:0,(anonymous_16)
FNDA:0,(anonymous_17)
FNDA:0,(anonymous_18)
FNDA:0,(anonymous_19)
FNDA:0,(anonymous_20)
FNDA:0,(anonymous_21)
FNDA:0,(anonymous_22)
FNDA:0,(anonymous_23)
FNDA:0,startServer
FNDA:0,(anonymous_25)
FNDA:0,(anonymous_26)
DA:11,5
DA:25,5
DA:26,5
DA:27,5
DA:28,5
DA:29,5
DA:32,5
DA:35,0
DA:36,0
DA:43,5
DA:44,20
DA:45,20
DA:48,5
DA:49,0
DA:50,0
DA:51,0
DA:55,5
DA:65,5
DA:67,5
DA:73,5
DA:79,5
DA:103,5
DA:121,5
DA:122,5
DA:124,20
DA:125,0
DA:132,5
DA:133,5
DA:134,5
DA:137,5
DA:138,1
DA:146,5
DA:147,0
DA:150,5
DA:151,0
DA:153,0
DA:154,0
DA:160,0
DA:169,0
DA:171,0
DA:178,5
DA:179,0
DA:182,5
DA:183,0
DA:184,0
DA:186,0
DA:187,0
DA:193,0
DA:195,0
DA:202,5
DA:203,0
DA:206,5
DA:207,0
DA:208,0
DA:211,0
DA:218,5
DA:219,0
DA:240,0
DA:246,5
DA:247,0
DA:249,0
DA:250,0
DA:256,0
DA:265,0
DA:267,0
DA:274,5
DA:275,0
DA:276,0
DA:277,0
DA:278,0
DA:281,0
DA:282,0
DA:285,0
DA:294,5
DA:295,0
DA:297,0
DA:303,5
DA:304,0
DA:306,0
DA:307,0
DA:313,0
DA:327,5
DA:328,5
DA:329,5
DA:330,5
DA:331,5
DA:332,5
DA:335,5
DA:336,0
DA:344,5
DA:345,0
DA:347,0
DA:355,0
DA:356,0
DA:357,0
DA:358,0
DA:359,0
DA:363,5
DA:365,5
DA:366,0
DA:367,0
DA:368,0
LF:102
LH:46
BRDA:27,0,0,5
BRDA:27,0,1,0
BRDA:28,1,0,5
BRDA:28,1,1,0
BRDA:35,2,0,0
BRDA:35,2,1,0
BRDA:35,3,0,0
BRDA:35,3,1,0
BRDA:124,4,0,20
BRDA:124,4,1,0
BRDA:124,5,0,20
BRDA:124,5,1,0
BRDA:142,6,0,1
BRDA:142,6,1,0
BRDA:153,7,0,0
BRDA:153,7,1,0
BRDA:153,8,0,0
BRDA:153,8,1,0
BRDA:153,8,2,0
BRDA:163,9,0,0
BRDA:163,9,1,0
BRDA:165,10,0,0
BRDA:165,10,1,0
BRDA:186,11,0,0
BRDA:186,11,1,0
BRDA:193,12,0,0
BRDA:193,12,1,0
BRDA:208,13,0,0
BRDA:208,13,1,0
BRDA:208,14,0,0
BRDA:208,14,1,0
BRDA:208,15,0,0
BRDA:208,15,1,0
BRDA:208,16,0,0
BRDA:208,16,1,0
BRDA:219,17,0,0
BRDA:219,17,1,0
BRDA:249,18,0,0
BRDA:249,18,1,0
BRDA:249,19,0,0
BRDA:249,19,1,0
BRDA:249,19,2,0
BRDA:276,20,0,0
BRDA:276,20,1,0
BRDA:277,21,0,0
BRDA:277,21,1,0
BRDA:277,22,0,0
BRDA:277,22,1,0
BRDA:278,23,0,0
BRDA:278,23,1,0
BRDA:281,24,0,0
BRDA:281,24,1,0
BRDA:295,25,0,0
BRDA:295,25,1,0
BRDA:306,26,0,0
BRDA:306,26,1,0
BRDA:306,27,0,0
BRDA:306,27,1,0
BRDA:306,27,2,0
BRDA:347,28,0,0
BRDA:347,28,1,0
BRDA:349,29,0,0
BRDA:349,29,1,0
BRDA:350,30,0,0
BRDA:350,30,1,0
BRDA:359,31,0,0
BRDA:359,31,1,0
BRDA:363,32,0,5
BRDA:363,32,1,5
BRDA:365,33,0,0
BRDA:365,33,1,5
BRF:71
BRH:8
end_of_record
TN:
SF:config\database.js
FN:3,connectDatabase
FN:6,(anonymous_1)
FN:11,disconnectDatabase
FNF:3
FNH:2
FNDA:1,connectDatabase
FNDA:0,(anonymous_1)
FNDA:1,disconnectDatabase
DA:4,1
DA:5,1
DA:6,1
DA:7,1
DA:8,1
DA:12,1
LF:6
LH:6
BRDA:5,0,0,0
BRDA:5,0,1,1
BRF:2
BRH:1
end_of_record
TN:
SF:controllers\authController.js
FN:6,(anonymous_0)
FN:7,register
FN:8,login
FN:9,getCurrentUser
FN:10,verifyToken
FNF:5
FNH:3
FNDA:0,(anonymous_0)
FNDA:2,register
FNDA:2,login
FNDA:0,getCurrentUser
FNDA:2,verifyToken
DA:6,5
DA:7,2
DA:8,2
DA:9,0
DA:10,2
LF:5
LH:4
BRDA:7,0,0,2
BRDA:7,1,0,1
BRDA:7,1,1,1
BRDA:7,2,0,2
BRDA:7,2,1,1
BRDA:7,2,2,1
BRDA:7,3,0,1
BRDA:7,3,1,0
BRDA:7,4,0,0
BRDA:7,4,1,0
BRDA:8,5,0,1
BRDA:8,5,1,1
BRDA:8,6,0,2
BRDA:8,6,1,1
BRDA:8,7,0,1
BRDA:8,7,1,0
BRDA:8,8,0,1
BRDA:8,8,1,0
BRDA:8,8,2,0
BRDA:9,9,0,0
BRDA:9,9,1,0
BRDA:10,10,0,1
BRDA:10,10,1,1
BRDA:10,11,0,1
BRDA:10,11,1,1
BRF:25
BRH:17
end_of_record
TN:
SF:controllers\commerceController.js
FN:6,getFoodItems
FN:7,createFoodItem
FN:8,updateFoodItem
FN:9,deleteFoodItem
FN:10,getFoodOrders
FN:11,createFoodOrder
FN:11,(anonymous_6)
FN:11,(anonymous_7)
FN:12,updateFoodOrder
FN:13,getInvoices
FN:14,getInvoice
FN:15,createInvoice
FN:16,getPayments
FN:17,getPayment
FN:18,createPayment
FN:19,updatePayment
FNF:16
FNH:0
FNDA:0,getFoodItems
FNDA:0,createFoodItem
FNDA:0,updateFoodItem
FNDA:0,deleteFoodItem
FNDA:0,getFoodOrders
FNDA:0,createFoodOrder
FNDA:0,(anonymous_6)
FNDA:0,(anonymous_7)
FNDA:0,updateFoodOrder
FNDA:0,getInvoices
FNDA:0,getInvoice
FNDA:0,createInvoice
FNDA:0,getPayments
FNDA:0,getPayment
FNDA:0,createPayment
FNDA:0,updatePayment
DA:6,0
DA:7,0
DA:8,0
DA:9,0
DA:10,0
DA:11,0
DA:12,0
DA:13,0
DA:14,0
DA:15,0
DA:16,0
DA:17,0
DA:18,0
DA:19,0
LF:14
LH:0
BRDA:8,0,0,0
BRDA:8,0,1,0
BRDA:9,1,0,0
BRDA:9,1,1,0
BRDA:11,2,0,0
BRDA:11,2,1,0
BRDA:11,3,0,0
BRDA:11,3,1,0
BRDA:11,4,0,0
BRDA:11,4,1,0
BRDA:12,5,0,0
BRDA:12,5,1,0
BRDA:14,6,0,0
BRDA:14,6,1,0
BRDA:15,7,0,0
BRDA:15,7,1,0
BRDA:15,8,0,0
BRDA:15,8,1,0
BRDA:15,9,0,0
BRDA:15,9,1,0
BRDA:15,10,0,0
BRDA:15,10,1,0
BRDA:17,11,0,0
BRDA:17,11,1,0
BRDA:18,12,0,0
BRDA:18,12,1,0
BRDA:19,13,0,0
BRDA:19,13,1,0
BRDA:19,14,0,0
BRDA:19,14,1,0
BRDA:19,15,0,0
BRDA:19,15,1,0
BRF:32
BRH:0
end_of_record
TN:
SF:controllers\dashboardController.js
FN:5,(anonymous_0)
FN:13,getDashboardSummary
FN:25,(anonymous_2)
FN:26,(anonymous_3)
FN:27,(anonymous_4)
FN:46,getOccupancyData
FN:47,(anonymous_6)
FN:51,getRevenueData
FN:52,(anonymous_8)
FNF:9
FNH:0
FNDA:0,(anonymous_0)
FNDA:0,getDashboardSummary
FNDA:0,(anonymous_2)
FNDA:0,(anonymous_3)
FNDA:0,(anonymous_4)
FNDA:0,getOccupancyData
FNDA:0,(anonymous_6)
FNDA:0,getRevenueData
FNDA:0,(anonymous_8)
DA:5,5
DA:6,0
DA:7,0
DA:8,0
DA:9,0
DA:10,0
DA:14,0
DA:15,0
DA:16,0
DA:25,0
DA:26,0
DA:27,0
DA:35,0
DA:43,0
DA:47,0
DA:48,0
DA:52,0
DA:53,0
LF:18
LH:1
BRDA:28,0,0,0
BRDA:28,0,1,0
BRDA:29,1,0,0
BRDA:29,1,1,0
BRDA:29,1,2,0
BRDA:29,2,0,0
BRDA:29,2,1,0
BRDA:29,3,0,0
BRDA:29,3,1,0
BRDA:30,4,0,0
BRDA:30,4,1,0
BRDA:31,5,0,0
BRDA:31,5,1,0
BRDA:32,6,0,0
BRDA:32,6,1,0
BRDA:33,7,0,0
BRDA:33,7,1,0
BRDA:36,8,0,0
BRDA:36,8,1,0
BRDA:36,9,0,0
BRDA:36,9,1,0
BRDA:36,10,0,0
BRDA:36,10,1,0
BRDA:36,11,0,0
BRDA:36,11,1,0
BRDA:36,12,0,0
BRDA:36,12,1,0
BRDA:36,13,0,0
BRDA:36,13,1,0
BRDA:38,14,0,0
BRDA:38,14,1,0
BRF:31
BRH:0
end_of_record
TN:
SF:controllers\guestController.js
FN:3,(anonymous_0)
FN:4,getAllGuests
FN:5,getGuestById
FN:6,createGuest
FN:7,updateGuestData
FN:8,deleteGuestData
FN:9,getGuestStats
FNF:7
FNH:0
FNDA:0,(anonymous_0)
FNDA:0,getAllGuests
FNDA:0,getGuestById
FNDA:0,createGuest
FNDA:0,updateGuestData
FNDA:0,deleteGuestData
FNDA:0,getGuestStats
DA:3,5
DA:4,0
DA:5,0
DA:6,0
DA:7,0
DA:8,0
DA:9,0
LF:7
LH:1
BRDA:3,0,0,0
BRDA:3,0,1,0
BRDA:4,1,0,0
BRDA:4,1,1,0
BRDA:5,2,0,0
BRDA:5,2,1,0
BRDA:6,3,0,0
BRDA:6,3,1,0
BRDA:6,4,0,0
BRDA:6,4,1,0
BRDA:6,4,2,0
BRDA:6,4,3,0
BRDA:6,5,0,0
BRDA:6,5,1,0
BRDA:7,6,0,0
BRDA:7,6,1,0
BRDA:8,7,0,0
BRDA:8,7,1,0
BRF:18
BRH:0
end_of_record
TN:
SF:controllers\housekeepingController.js
FN:11,getTasks
FN:30,(anonymous_1)
FN:34,getTaskById
FN:42,createTask
FN:77,updateTaskData
FN:85,updateTaskStage
FN:117,updateTaskChecklist
FN:143,assignTaskStaff
FN:160,deleteTaskData
FN:168,getHousekeepingStats
FN:194,getStaff
FN:197,(anonymous_11)
FN:201,getStaffById
FN:209,createStaff
FN:219,updateStaffData
FN:227,deleteStaffData
FN:239,getMaintenance
FN:258,(anonymous_17)
FN:262,getMaintenanceById
FN:270,createMaintenance
FN:287,updateMaintenanceData
FN:295,resolveMaintenance
FN:303,deleteMaintenanceData
FN:315,getInventory
FN:330,(anonymous_24)
FN:334,getInventoryById
FN:342,createInventory
FN:354,updateInventoryData
FN:372,restockInventoryItem
FN:385,deleteInventoryData
FNF:30
FNH:0
FNDA:0,getTasks
FNDA:0,(anonymous_1)
FNDA:0,getTaskById
FNDA:0,createTask
FNDA:0,updateTaskData
FNDA:0,updateTaskStage
FNDA:0,updateTaskChecklist
FNDA:0,assignTaskStaff
FNDA:0,deleteTaskData
FNDA:0,getHousekeepingStats
FNDA:0,getStaff
FNDA:0,(anonymous_11)
FNDA:0,getStaffById
FNDA:0,createStaff
FNDA:0,updateStaffData
FNDA:0,deleteStaffData
FNDA:0,getMaintenance
FNDA:0,(anonymous_17)
FNDA:0,getMaintenanceById
FNDA:0,createMaintenance
FNDA:0,updateMaintenanceData
FNDA:0,resolveMaintenance
FNDA:0,deleteMaintenanceData
FNDA:0,getInventory
FNDA:0,(anonymous_24)
FNDA:0,getInventoryById
FNDA:0,createInventory
FNDA:0,updateInventoryData
FNDA:0,restockInventoryItem
FNDA:0,deleteInventoryData
DA:12,0
DA:13,0
DA:14,0
DA:16,0
DA:17,0
DA:24,0
DA:25,0
DA:26,0
DA:27,0
DA:29,0
DA:30,0
DA:31,0
DA:35,0
DA:36,0
DA:37,0
DA:38,0
DA:39,0
DA:43,0
DA:44,0
DA:45,0
DA:47,0
DA:48,0
DA:49,0
DA:51,0
DA:61,0
DA:69,0
DA:70,0
DA:73,0
DA:74,0
DA:78,0
DA:79,0
DA:80,0
DA:81,0
DA:82,0
DA:86,0
DA:87,0
DA:88,0
DA:90,0
DA:91,0
DA:93,0
DA:94,0
DA:95,0
DA:97,0
DA:99,0
DA:100,0
DA:101,0
DA:102,0
DA:103,0
DA:104,0
DA:105,0
DA:106,0
DA:107,0
DA:108,0
DA:110,0
DA:113,0
DA:114,0
DA:118,0
DA:119,0
DA:120,0
DA:121,0
DA:123,0
DA:124,0
DA:125,0
DA:126,0
DA:128,0
DA:129,0
DA:130,0
DA:131,0
DA:139,0
DA:140,0
DA:144,0
DA:145,0
DA:146,0
DA:148,0
DA:149,0
DA:150,0
DA:152,0
DA:153,0
DA:155,0
DA:156,0
DA:157,0
DA:161,0
DA:162,0
DA:163,0
DA:164,0
DA:165,0
DA:169,0
DA:170,0
DA:180,0
DA:187,0
DA:195,0
DA:196,0
DA:197,0
DA:198,0
DA:202,0
DA:203,0
DA:204,0
DA:205,0
DA:206,0
DA:210,0
DA:211,0
DA:212,0
DA:214,0
DA:215,0
DA:216,0
DA:220,0
DA:221,0
DA:222,0
DA:223,0
DA:224,0
DA:228,0
DA:229,0
DA:230,0
DA:231,0
DA:232,0
DA:240,0
DA:241,0
DA:242,0
DA:244,0
DA:245,0
DA:253,0
DA:254,0
DA:255,0
DA:257,0
DA:258,0
DA:259,0
DA:263,0
DA:264,0
DA:265,0
DA:266,0
DA:267,0
DA:271,0
DA:272,0
DA:273,0
DA:275,0
DA:279,0
DA:280,0
DA:283,0
DA:284,0
DA:288,0
DA:289,0
DA:290,0
DA:291,0
DA:292,0
DA:296,0
DA:297,0
DA:298,0
DA:299,0
DA:300,0
DA:304,0
DA:305,0
DA:306,0
DA:307,0
DA:308,0
DA:316,0
DA:317,0
DA:318,0
DA:320,0
DA:321,0
DA:326,0
DA:327,0
DA:329,0
DA:330,0
DA:331,0
DA:335,0
DA:336,0
DA:337,0
DA:338,0
DA:339,0
DA:343,0
DA:344,0
DA:345,0
DA:347,0
DA:350,0
DA:351,0
DA:355,0
DA:356,0
DA:357,0
DA:359,0
DA:360,0
DA:361,0
DA:362,0
DA:363,0
DA:364,0
DA:366,0
DA:368,0
DA:369,0
DA:373,0
DA:374,0
DA:375,0
DA:377,0
DA:378,0
DA:379,0
DA:381,0
DA:382,0
DA:386,0
DA:387,0
DA:388,0
DA:389,0
DA:390,0
LF:200
LH:0
BRDA:16,0,0,0
BRDA:16,0,1,0
BRDA:24,1,0,0
BRDA:24,1,1,0
BRDA:24,2,0,0
BRDA:24,2,1,0
BRDA:25,3,0,0
BRDA:25,3,1,0
BRDA:25,4,0,0
BRDA:25,4,1,0
BRDA:26,5,0,0
BRDA:26,5,1,0
BRDA:26,6,0,0
BRDA:26,6,1,0
BRDA:27,7,0,0
BRDA:27,7,1,0
BRDA:27,8,0,0
BRDA:27,8,1,0
BRDA:37,9,0,0
BRDA:37,9,1,0
BRDA:45,10,0,0
BRDA:45,10,1,0
BRDA:48,11,0,0
BRDA:48,11,1,0
BRDA:48,12,0,0
BRDA:48,12,1,0
BRDA:49,13,0,0
BRDA:49,13,1,0
BRDA:49,14,0,0
BRDA:49,14,1,0
BRDA:49,15,0,0
BRDA:49,15,1,0
BRDA:63,16,0,0
BRDA:63,16,1,0
BRDA:63,17,0,0
BRDA:63,17,1,0
BRDA:63,18,0,0
BRDA:63,18,1,0
BRDA:64,19,0,0
BRDA:64,19,1,0
BRDA:64,20,0,0
BRDA:64,20,1,0
BRDA:65,21,0,0
BRDA:65,21,1,0
BRDA:66,22,0,0
BRDA:66,22,1,0
BRDA:66,23,0,0
BRDA:66,23,1,0
BRDA:69,24,0,0
BRDA:69,24,1,0
BRDA:70,25,0,0
BRDA:70,25,1,0
BRDA:80,26,0,0
BRDA:80,26,1,0
BRDA:88,27,0,0
BRDA:88,27,1,0
BRDA:91,28,0,0
BRDA:91,28,1,0
BRDA:94,29,0,0
BRDA:94,29,1,0
BRDA:94,30,0,0
BRDA:94,30,1,0
BRDA:100,31,0,0
BRDA:100,31,1,0
BRDA:102,32,0,0
BRDA:102,32,1,0
BRDA:102,33,0,0
BRDA:102,33,1,0
BRDA:105,34,0,0
BRDA:105,34,1,0
BRDA:105,35,0,0
BRDA:105,35,1,0
BRDA:107,36,0,0
BRDA:107,36,1,0
BRDA:121,37,0,0
BRDA:121,37,1,0
BRDA:123,38,0,0
BRDA:123,38,1,0
BRDA:124,39,0,0
BRDA:124,39,1,0
BRDA:125,40,0,0
BRDA:125,40,1,0
BRDA:128,41,0,0
BRDA:128,41,1,0
BRDA:130,42,0,0
BRDA:130,42,1,0
BRDA:133,43,0,0
BRDA:133,43,1,0
BRDA:139,44,0,0
BRDA:139,44,1,0
BRDA:146,45,0,0
BRDA:146,45,1,0
BRDA:149,46,0,0
BRDA:149,46,1,0
BRDA:150,47,0,0
BRDA:150,47,1,0
BRDA:153,48,0,0
BRDA:153,48,1,0
BRDA:163,49,0,0
BRDA:163,49,1,0
BRDA:184,50,0,0
BRDA:184,50,1,0
BRDA:204,51,0,0
BRDA:204,51,1,0
BRDA:212,52,0,0
BRDA:212,52,1,0
BRDA:222,53,0,0
BRDA:222,53,1,0
BRDA:230,54,0,0
BRDA:230,54,1,0
BRDA:244,55,0,0
BRDA:244,55,1,0
BRDA:253,56,0,0
BRDA:253,56,1,0
BRDA:253,57,0,0
BRDA:253,57,1,0
BRDA:254,58,0,0
BRDA:254,58,1,0
BRDA:254,59,0,0
BRDA:254,59,1,0
BRDA:255,60,0,0
BRDA:255,60,1,0
BRDA:255,61,0,0
BRDA:255,61,1,0
BRDA:265,62,0,0
BRDA:265,62,1,0
BRDA:273,63,0,0
BRDA:273,63,1,0
BRDA:273,64,0,0
BRDA:273,64,1,0
BRDA:279,65,0,0
BRDA:279,65,1,0
BRDA:279,66,0,0
BRDA:279,66,1,0
BRDA:290,67,0,0
BRDA:290,67,1,0
BRDA:298,68,0,0
BRDA:298,68,1,0
BRDA:306,69,0,0
BRDA:306,69,1,0
BRDA:320,70,0,0
BRDA:320,70,1,0
BRDA:326,71,0,0
BRDA:326,71,1,0
BRDA:326,72,0,0
BRDA:326,72,1,0
BRDA:327,73,0,0
BRDA:327,73,1,0
BRDA:327,74,0,0
BRDA:327,74,1,0
BRDA:337,75,0,0
BRDA:337,75,1,0
BRDA:345,76,0,0
BRDA:345,76,1,0
BRDA:348,77,0,0
BRDA:348,77,1,0
BRDA:348,78,0,0
BRDA:348,78,1,0
BRDA:357,79,0,0
BRDA:357,79,1,0
BRDA:359,80,0,0
BRDA:359,80,1,0
BRDA:360,81,0,0
BRDA:360,81,1,0
BRDA:361,82,0,0
BRDA:361,82,1,0
BRDA:362,83,0,0
BRDA:362,83,1,0
BRDA:363,84,0,0
BRDA:363,84,1,0
BRDA:364,85,0,0
BRDA:364,85,1,0
BRDA:375,86,0,0
BRDA:375,86,1,0
BRDA:377,87,0,0
BRDA:377,87,1,0
BRDA:377,88,0,0
BRDA:377,88,1,0
BRDA:377,89,0,0
BRDA:377,89,1,0
BRDA:388,90,0,0
BRDA:388,90,1,0
BRF:182
BRH:0
end_of_record
TN:
SF:controllers\reservationController.js
FN:7,(anonymous_0)
FN:8,(anonymous_1)
FN:9,(anonymous_2)
FN:10,(anonymous_3)
FN:12,getAllReservations
FN:13,getReservationById
FN:14,createReservation
FN:15,updateReservationData
FN:16,deleteReservationData
FN:17,getReservationsByGuest
FN:18,getReservationStats
FN:19,filterByStatus
FN:20,filterByDateRange
FN:21,searchReservationsHandler
FN:22,getFilteredReservations
FN:23,getReservationStatsByStatus
FN:24,checkRoomAvailability
FNF:17
FNH:6
FNDA:1,(anonymous_0)
FNDA:3,(anonymous_1)
FNDA:4,(anonymous_2)
FNDA:0,(anonymous_3)
FNDA:0,getAllReservations
FNDA:0,getReservationById
FNDA:2,createReservation
FNDA:1,updateReservationData
FNDA:0,deleteReservationData
FNDA:0,getReservationsByGuest
FNDA:0,getReservationStats
FNDA:0,filterByStatus
FNDA:0,filterByDateRange
FNDA:0,searchReservationsHandler
FNDA:0,getFilteredReservations
FNDA:0,getReservationStatsByStatus
FNDA:1,checkRoomAvailability
DA:6,5
DA:7,5
DA:8,5
DA:9,5
DA:10,5
DA:12,0
DA:13,0
DA:14,2
DA:15,1
DA:16,0
DA:17,0
DA:18,0
DA:19,0
DA:20,0
DA:21,0
DA:22,0
DA:23,0
DA:24,1
LF:18
LH:8
BRDA:8,0,0,3
BRDA:8,0,1,0
BRDA:10,1,0,0
BRDA:10,1,1,0
BRDA:13,2,0,0
BRDA:13,2,1,0
BRDA:14,3,0,2
BRDA:14,4,0,1
BRDA:14,4,1,1
BRDA:14,5,0,2
BRDA:14,5,1,2
BRDA:14,5,2,1
BRDA:14,5,3,1
BRDA:14,6,0,1
BRDA:14,6,1,0
BRDA:14,7,0,1
BRDA:14,7,1,1
BRDA:14,7,2,1
BRDA:14,8,0,0
BRDA:14,8,1,0
BRDA:14,9,0,0
BRDA:14,9,1,0
BRDA:14,10,0,0
BRDA:14,10,1,0
BRDA:14,11,0,0
BRDA:14,11,1,0
BRDA:14,12,0,0
BRDA:14,12,1,0
BRDA:14,13,0,0
BRDA:14,13,1,0
BRDA:14,14,0,0
BRDA:14,14,1,0
BRDA:15,15,0,0
BRDA:15,15,1,1
BRDA:15,16,0,1
BRDA:15,16,1,1
BRDA:15,17,0,1
BRDA:15,17,1,1
BRDA:15,18,0,0
BRDA:15,18,1,1
BRDA:15,19,0,0
BRDA:15,19,1,1
BRDA:15,20,0,1
BRDA:15,20,1,1
BRDA:15,21,0,0
BRDA:15,21,1,0
BRDA:15,22,0,1
BRDA:15,22,1,0
BRDA:15,23,0,1
BRDA:15,23,1,0
BRDA:15,24,0,1
BRDA:15,24,1,0
BRDA:15,25,0,1
BRDA:15,25,1,0
BRDA:15,26,0,1
BRDA:15,26,1,1
BRDA:15,27,0,1
BRDA:15,27,1,0
BRDA:15,28,0,0
BRDA:15,28,1,1
BRDA:15,29,0,1
BRDA:15,29,1,1
BRDA:15,30,0,1
BRDA:15,30,1,0
BRDA:15,31,0,1
BRDA:15,31,1,0
BRDA:15,32,0,1
BRDA:15,32,1,0
BRDA:15,33,0,0
BRDA:15,33,1,0
BRDA:16,34,0,0
BRDA:16,34,1,0
BRDA:16,35,0,0
BRDA:16,35,1,0
BRDA:18,36,0,0
BRDA:18,36,1,0
BRDA:21,37,0,0
BRDA:21,37,1,0
BRDA:21,38,0,0
BRDA:21,38,1,0
BRDA:22,39,0,0
BRDA:22,39,1,0
BRDA:22,40,0,0
BRDA:22,40,1,0
BRDA:22,41,0,0
BRDA:22,41,1,0
BRDA:24,42,0,1
BRDA:24,42,1,0
BRDA:24,43,0,1
BRDA:24,43,1,0
BRF:90
BRH:36
end_of_record
TN:
SF:controllers\roomController.js
FN:3,(anonymous_0)
FN:4,(anonymous_1)
FN:5,getAllRooms
FN:6,getRoomById
FN:7,getAvailableRooms
FN:8,createRoom
FN:9,updateRoomData
FN:10,updateRoomStatus
FN:11,deleteRoomData
FN:12,getRoomStats
FN:12,(anonymous_10)
FNF:11
FNH:4
FNDA:1,(anonymous_0)
FNDA:3,(anonymous_1)
FNDA:0,getAllRooms
FNDA:1,getRoomById
FNDA:0,getAvailableRooms
FNDA:3,createRoom
FNDA:0,updateRoomData
FNDA:0,updateRoomStatus
FNDA:0,deleteRoomData
FNDA:0,getRoomStats
FNDA:0,(anonymous_10)
DA:3,5
DA:4,5
DA:5,0
DA:6,1
DA:7,0
DA:8,3
DA:9,0
DA:10,0
DA:11,0
DA:12,0
LF:10
LH:4
BRDA:3,0,0,1
BRDA:3,0,1,0
BRDA:4,1,0,3
BRDA:4,1,1,1
BRDA:4,2,0,3
BRDA:4,2,1,2
BRDA:4,3,0,3
BRDA:4,3,1,3
BRDA:4,3,2,0
BRDA:4,4,0,3
BRDA:4,4,1,0
BRDA:5,5,0,0
BRDA:5,5,1,0
BRDA:5,6,0,0
BRDA:5,6,1,0
BRDA:5,7,0,0
BRDA:5,7,1,0
BRDA:5,8,0,0
BRDA:5,8,1,0
BRDA:5,9,0,0
BRDA:5,9,1,0
BRDA:5,10,0,0
BRDA:5,10,1,0
BRDA:5,11,0,0
BRDA:5,11,1,0
BRDA:5,12,0,0
BRDA:5,12,1,0
BRDA:5,13,0,0
BRDA:5,13,1,0
BRDA:5,13,2,0
BRDA:6,14,0,1
BRDA:6,14,1,0
BRDA:7,15,0,0
BRDA:7,15,1,0
BRDA:7,16,0,0
BRDA:7,16,1,0
BRDA:7,17,0,0
BRDA:7,17,1,0
BRDA:8,18,0,2
BRDA:8,18,1,1
BRDA:8,19,0,3
BRDA:8,19,1,3
BRDA:8,19,2,2
BRDA:9,20,0,0
BRDA:9,20,1,0
BRDA:11,21,0,0
BRDA:11,21,1,0
BRDA:12,22,0,0
BRDA:12,22,1,0
BRDA:12,23,0,0
BRDA:12,23,1,0
BRDA:12,24,0,0
BRDA:12,24,1,0
BRDA:12,25,0,0
BRDA:12,25,1,0
BRDA:12,26,0,0
BRDA:12,26,1,0
BRDA:12,27,0,0
BRDA:12,27,1,0
BRDA:12,28,0,0
BRDA:12,28,1,0
BRF:61
BRH:14
end_of_record
TN:
SF:controllers\stayController.js
FN:7,(anonymous_0)
FN:9,searchCheckIn
FN:10,getCheckInReservation
FN:11,confirmCheckIn
FN:12,searchCheckOut
FN:13,getCheckOutGuest
FN:14,processCheckOut
FNF:7
FNH:0
FNDA:0,(anonymous_0)
FNDA:0,searchCheckIn
FNDA:0,getCheckInReservation
FNDA:0,confirmCheckIn
FNDA:0,searchCheckOut
FNDA:0,getCheckOutGuest
FNDA:0,processCheckOut
DA:7,5
DA:9,0
DA:10,0
DA:11,0
DA:12,0
DA:13,0
DA:14,0
LF:7
LH:1
BRDA:7,0,0,0
BRDA:7,0,1,0
BRDA:7,1,0,0
BRDA:7,1,1,0
BRDA:7,2,0,0
BRDA:7,2,1,0
BRDA:7,3,0,0
BRDA:7,3,1,0
BRDA:7,4,0,0
BRDA:7,4,1,0
BRDA:7,5,0,0
BRDA:7,5,1,0
BRDA:9,6,0,0
BRDA:9,6,1,0
BRDA:9,7,0,0
BRDA:9,7,1,0
BRDA:10,8,0,0
BRDA:10,8,1,0
BRDA:11,9,0,0
BRDA:11,9,1,0
BRDA:12,10,0,0
BRDA:12,10,1,0
BRDA:12,11,0,0
BRDA:12,11,1,0
BRDA:12,12,0,0
BRDA:12,12,1,0
BRDA:12,13,0,0
BRDA:12,13,1,0
BRDA:13,14,0,0
BRDA:13,14,1,0
BRDA:14,15,0,0
BRDA:14,15,1,0
BRDA:14,16,0,0
BRDA:14,16,1,0
BRDA:14,17,0,0
BRDA:14,17,1,0
BRDA:14,18,0,0
BRDA:14,18,1,0
BRDA:14,19,0,0
BRDA:14,19,1,0
BRDA:14,20,0,0
BRDA:14,20,1,0
BRF:42
BRH:0
end_of_record
TN:
SF:controllers\userController.js
FN:3,getUsers
FNF:1
FNH:0
FNDA:0,getUsers
DA:4,0
DA:5,0
DA:6,0
DA:8,0
LF:4
LH:0
BRF:0
BRH:0
end_of_record
TN:
SF:middleware\authMiddleware.js
FN:7,(anonymous_0)
FN:9,authenticate
FN:44,authorizeRoles
FN:45,(anonymous_3)
FN:64,generateToken
FNF:5
FNH:5
FNDA:10,(anonymous_0)
FNDA:13,authenticate
FNDA:33,authorizeRoles
FNDA:6,(anonymous_3)
FNDA:4,generateToken
DA:7,10
DA:10,13
DA:11,13
DA:13,13
DA:14,9
DA:20,4
DA:22,4
DA:23,4
DA:24,4
DA:25,4
DA:27,0
DA:28,0
DA:33,0
DA:36,0
DA:37,0
DA:45,33
DA:46,6
DA:47,1
DA:53,5
DA:54,2
DA:60,3
DA:65,4
LF:22
LH:17
BRDA:7,0,0,10
BRDA:7,0,1,0
BRDA:13,1,0,9
BRDA:13,1,1,4
BRDA:13,2,0,13
BRDA:13,2,1,5
BRDA:27,3,0,0
BRDA:27,3,1,0
BRDA:46,4,0,1
BRDA:46,4,1,5
BRDA:53,5,0,2
BRDA:53,5,1,3
BRF:12
BRH:9
end_of_record
TN:
SF:models\FoodItem.js
FNF:0
FNH:0
LF:0
LH:0
BRF:0
BRH:0
end_of_record
TN:
SF:models\FoodOrder.js
FNF:0
FNH:0
LF:0
LH:0
BRF:0
BRH:0
end_of_record
TN:
SF:models\Guest.js
FN:8,(anonymous_0)
FN:10,fullName
FNF:2
FNH:0
FNDA:0,(anonymous_0)
FNDA:0,fullName
DA:3,5
DA:8,0
DA:10,5
LF:3
LH:2
BRF:0
BRH:0
end_of_record
TN:
SF:models\HousekeepingStaff.js
FNF:0
FNH:0
DA:3,5
LF:1
LH:1
BRF:0
BRH:0
end_of_record
TN:
SF:models\HousekeepingTask.js
FNF:0
FNH:0
DA:3,5
LF:1
LH:1
BRF:0
BRH:0
end_of_record
TN:
SF:models\InventorySupply.js
FN:13,(anonymous_0)
FNF:1
FNH:0
FNDA:0,(anonymous_0)
DA:3,5
DA:13,5
DA:14,0
DA:15,0
DA:16,0
DA:17,0
DA:19,0
DA:21,0
LF:8
LH:2
BRDA:14,0,0,0
BRDA:14,0,1,0
BRDA:16,1,0,0
BRDA:16,1,1,0
BRF:4
BRH:0
end_of_record
TN:
SF:models\Invoice.js
FNF:0
FNH:0
LF:0
LH:0
BRF:0
BRH:0
end_of_record
TN:
SF:models\MaintenanceIssue.js
FNF:0
FNH:0
DA:3,5
LF:1
LH:1
BRF:0
BRH:0
end_of_record
TN:
SF:models\Payment.js
FNF:0
FNH:0
LF:0
LH:0
BRF:0
BRH:0
end_of_record
TN:
SF:models\Reservation.js
FN:9,(anonymous_0)
FN:12,setOccupancyAliases
FNF:2
FNH:0
FNDA:0,(anonymous_0)
FNDA:0,setOccupancyAliases
DA:3,5
DA:9,0
DA:11,5
DA:12,5
LF:4
LH:3
BRDA:9,0,0,0
BRDA:9,0,1,0
BRDA:9,1,0,0
BRDA:9,1,1,0
BRDA:12,2,0,0
BRDA:12,2,1,0
BRDA:12,3,0,0
BRDA:12,3,1,0
BRF:8
BRH:0
end_of_record
TN:
SF:models\Room.js
FN:14,(anonymous_0)
FN:16,setRoomAliases
FNF:2
FNH:0
FNDA:0,(anonymous_0)
FNDA:0,setRoomAliases
DA:3,5
DA:14,0
DA:16,5
DA:17,0
DA:18,0
DA:19,0
DA:20,0
DA:21,0
LF:8
LH:2
BRDA:17,0,0,0
BRDA:17,0,1,0
BRDA:18,1,0,0
BRDA:18,1,1,0
BRDA:19,2,0,0
BRDA:19,2,1,0
BRDA:20,3,0,0
BRDA:20,3,1,0
BRF:8
BRH:0
end_of_record
TN:
SF:models\Stay.js
FNF:0
FNH:0
DA:3,5
LF:1
LH:1
BRF:0
BRH:0
end_of_record
TN:
SF:models\User.js
FN:10,(anonymous_0)
FNF:1
FNH:0
FNDA:0,(anonymous_0)
DA:3,5
DA:10,0
LF:2
LH:1
BRF:0
BRH:0
end_of_record
TN:
SF:routes\authRoutes.js
FNF:0
FNH:0
DA:9,5
DA:12,5
DA:13,5
DA:14,5
DA:17,5
LF:5
LH:5
BRF:0
BRH:0
end_of_record
TN:
SF:routes\commerceRoutes.js
FNF:0
FNH:0
DA:3,5
DA:4,5
DA:5,5
DA:6,5
DA:7,5
LF:5
LH:5
BRF:0
BRH:0
end_of_record
TN:
SF:routes\dashboardRoutes.js
FNF:0
FNH:0
DA:13,5
DA:16,5
DA:17,5
DA:18,5
LF:4
LH:4
BRF:0
BRH:0
end_of_record
TN:
SF:routes\guestRoutes.js
FNF:0
FNH:0
DA:16,5
DA:19,5
DA:20,5
DA:21,5
DA:24,5
DA:25,5
DA:26,5
LF:7
LH:7
BRF:0
BRH:0
end_of_record
TN:
SF:routes\housekeepingRoutes.js
FNF:0
FNH:0
DA:40,5
DA:43,5
DA:46,5
DA:47,5
DA:48,5
DA:49,5
DA:50,5
DA:51,5
DA:52,5
DA:53,5
DA:54,5
DA:57,5
DA:58,5
DA:59,5
DA:60,5
DA:61,5
DA:62,5
DA:65,5
DA:66,5
DA:67,5
DA:68,5
DA:69,5
DA:70,5
DA:71,5
DA:74,5
DA:75,5
DA:76,5
DA:77,5
DA:78,5
DA:79,5
DA:80,5
DA:81,5
LF:32
LH:32
BRF:0
BRH:0
end_of_record
TN:
SF:routes\reservationRoutes.js
FNF:0
FNH:0
DA:23,5
DA:26,5
DA:27,5
DA:30,5
DA:31,5
DA:34,5
DA:37,5
DA:40,5
DA:43,5
DA:46,5
DA:49,5
DA:52,5
DA:55,5
DA:58,5
LF:14
LH:14
BRF:0
BRH:0
end_of_record
TN:
SF:routes\roomRoutes.js
FNF:0
FNH:0
DA:17,5
DA:20,5
DA:21,5
DA:24,5
DA:27,5
DA:30,5
DA:33,5
DA:34,5
DA:37,5
DA:40,5
LF:10
LH:10
BRF:0
BRH:0
end_of_record
TN:
SF:routes\stayRoutes.js
FNF:0
FNH:0
DA:3,5
DA:4,5
DA:5,5
LF:3
LH:3
BRF:0
BRH:0
end_of_record
TN:
SF:routes\userRoutes.js
FNF:0
FNH:0
DA:5,5
DA:6,5
LF:2
LH:2
BRF:0
BRH:0
end_of_record
